@!@!@STARTMSG 2262:0 @!@!@
TLC2 Version 2.16 of 31 December 2020 (rev: cdddf55)
@!@!@ENDMSG 2262 @!@!@
@!@!@STARTMSG 2187:0 @!@!@
Running breadth-first search Model-Checking with fp 32 and seed 6348295472901910002 with 6 workers on 12 cores with 1214MB heap and 2730MB offheap memory [pid: 17762] (Mac OS X 10.14.3 x86_64, AdoptOpenJDK 14.0.1 x86_64, OffHeapDiskFPSet, DiskStateQueue).
@!@!@ENDMSG 2187 @!@!@
@!@!@STARTMSG 2220:0 @!@!@
Starting SANY...
@!@!@ENDMSG 2220 @!@!@
Parsing file /Users/wengjialin/learn-space/tla+/MapReduce.toolbox/Model_1/MC.tla
Parsing file /Users/wengjialin/learn-space/tla+/MapReduce.toolbox/Model_1/MapReduce.tla
Parsing file /private/var/folders/w1/mgb5yw_j7tncb87mwhbx6h940000gn/T/AppTranslocation/FFBC352A-5285-4C75-B81F-39A5D7ACB72A/d/TLA+ Toolbox.app/Contents/Eclipse/plugins/org.lamport.tlatools_1.0.0.202012311918/tla2sany/StandardModules/TLC.tla
Parsing file /private/var/folders/w1/mgb5yw_j7tncb87mwhbx6h940000gn/T/AppTranslocation/FFBC352A-5285-4C75-B81F-39A5D7ACB72A/d/TLA+ Toolbox.app/Contents/Eclipse/plugins/org.lamport.tlatools_1.0.0.202012311918/tla2sany/StandardModules/Integers.tla
Parsing file /private/var/folders/w1/mgb5yw_j7tncb87mwhbx6h940000gn/T/AppTranslocation/FFBC352A-5285-4C75-B81F-39A5D7ACB72A/d/TLA+ Toolbox.app/Contents/Eclipse/plugins/org.lamport.tlatools_1.0.0.202012311918/tla2sany/StandardModules/Sequences.tla
Parsing file /private/var/folders/w1/mgb5yw_j7tncb87mwhbx6h940000gn/T/AppTranslocation/FFBC352A-5285-4C75-B81F-39A5D7ACB72A/d/TLA+ Toolbox.app/Contents/Eclipse/plugins/org.lamport.tlatools_1.0.0.202012311918/tla2sany/StandardModules/Naturals.tla
Parsing file /Users/wengjialin/learn-space/tla+/MapReduce.toolbox/Model_1/PT.tla
Parsing file /private/var/folders/w1/mgb5yw_j7tncb87mwhbx6h940000gn/T/AppTranslocation/FFBC352A-5285-4C75-B81F-39A5D7ACB72A/d/TLA+ Toolbox.app/Contents/Eclipse/plugins/org.lamport.tlatools_1.0.0.202012311918/tla2sany/StandardModules/FiniteSets.tla
Semantic processing of module Naturals
Semantic processing of module Integers
Semantic processing of module Sequences
Semantic processing of module FiniteSets
Semantic processing of module TLC
Semantic processing of module PT
Semantic processing of module MapReduce
Semantic processing of module MC
@!@!@STARTMSG 2219:0 @!@!@
SANY finished.
@!@!@ENDMSG 2219 @!@!@
@!@!@STARTMSG 2185:0 @!@!@
Starting... (2022-11-19 16:39:53)
@!@!@ENDMSG 2185 @!@!@
@!@!@STARTMSG 2189:0 @!@!@
Computing initial states...
@!@!@ENDMSG 2189 @!@!@
@!@!@STARTMSG 2269:0 @!@!@
Computed 2 initial states...
@!@!@ENDMSG 2269 @!@!@
@!@!@STARTMSG 2269:0 @!@!@
Computed 4 initial states...
@!@!@ENDMSG 2269 @!@!@
@!@!@STARTMSG 2269:0 @!@!@
Computed 8 initial states...
@!@!@ENDMSG 2269 @!@!@
@!@!@STARTMSG 2269:0 @!@!@
Computed 16 initial states...
@!@!@ENDMSG 2269 @!@!@
@!@!@STARTMSG 2269:0 @!@!@
Computed 32 initial states...
@!@!@ENDMSG 2269 @!@!@
@!@!@STARTMSG 2269:0 @!@!@
Computed 64 initial states...
@!@!@ENDMSG 2269 @!@!@
@!@!@STARTMSG 2190:0 @!@!@
Finished computing initial states: 81 distinct states generated at 2022-11-19 16:39:55.
@!@!@ENDMSG 2190 @!@!@
@!@!@STARTMSG 2132:1 @!@!@
The first argument of Assert evaluated to FALSE; the second argument was:
"Failure of assertion at line 32, column 9."
@!@!@ENDMSG 2132 @!@!@
@!@!@STARTMSG 2121:1 @!@!@
The behavior up to this point is:
@!@!@ENDMSG 2121 @!@!@
@!@!@STARTMSG 2217:4 @!@!@
1: <Initial predicate>
/\ final = 0
/\ pc = (w1 :> "Worker" @@ w2 :> "Worker" @@ Reducer :> "Schedule")
/\ consumed = (w1 :> FALSE @@ w2 :> FALSE)
/\ input = <<0, 0, 2, 2>>
/\ result = (w1 :> NULL @@ w2 :> NULL)

@!@!@ENDMSG 2217 @!@!@
@!@!@STARTMSG 2217:4 @!@!@
2: <Worker line 82, col 17 to line 85, col 57 of module MapReduce>
/\ final = 0
/\ pc = (w1 :> "Done" @@ w2 :> "Worker" @@ Reducer :> "Schedule")
/\ consumed = (w1 :> FALSE @@ w2 :> FALSE)
/\ input = <<0, 0, 2, 2>>
/\ result = (w1 :> 5 @@ w2 :> NULL)

@!@!@ENDMSG 2217 @!@!@
@!@!@STARTMSG 2217:4 @!@!@
3: <Worker line 82, col 17 to line 85, col 57 of module MapReduce>
/\ final = 0
/\ pc = (w1 :> "Done" @@ w2 :> "Done" @@ Reducer :> "Schedule")
/\ consumed = (w1 :> FALSE @@ w2 :> FALSE)
/\ input = <<0, 0, 2, 2>>
/\ result = (w1 :> 5 @@ w2 :> 5)

@!@!@ENDMSG 2217 @!@!@
@!@!@STARTMSG 2217:4 @!@!@
4: <Schedule line 58, col 13 to line 61, col 61 of module MapReduce>
/\ final = 0
/\ pc = (w1 :> "Done" @@ w2 :> "Done" @@ Reducer :> "ReduceResult")
/\ consumed = (w1 :> FALSE @@ w2 :> FALSE)
/\ input = <<0, 0, 2, 2>>
/\ result = (w1 :> 5 @@ w2 :> 5)

@!@!@ENDMSG 2217 @!@!@
@!@!@STARTMSG 2217:4 @!@!@
5: <ReduceResult line 63, col 17 to line 72, col 48 of module MapReduce>
/\ final = 5
/\ pc = (w1 :> "Done" @@ w2 :> "Done" @@ Reducer :> "ReduceResult")
/\ consumed = (w1 :> TRUE @@ w2 :> FALSE)
/\ input = <<0, 0, 2, 2>>
/\ result = (w1 :> 5 @@ w2 :> 5)

@!@!@ENDMSG 2217 @!@!@
@!@!@STARTMSG 2217:4 @!@!@
6: <ReduceResult line 63, col 17 to line 72, col 48 of module MapReduce>
/\ final = 10
/\ pc = (w1 :> "Done" @@ w2 :> "Done" @@ Reducer :> "ReduceResult")
/\ consumed = (w1 :> TRUE @@ w2 :> TRUE)
/\ input = <<0, 0, 2, 2>>
/\ result = (w1 :> 5 @@ w2 :> 5)

@!@!@ENDMSG 2217 @!@!@
@!@!@STARTMSG 2217:4 @!@!@
7: <ReduceResult line 63, col 17 to line 72, col 48 of module MapReduce>
/\ final = 10
/\ pc = (w1 :> "Done" @@ w2 :> "Done" @@ Reducer :> "Finish")
/\ consumed = (w1 :> TRUE @@ w2 :> TRUE)
/\ input = <<0, 0, 2, 2>>
/\ result = (w1 :> 5 @@ w2 :> 5)

@!@!@ENDMSG 2217 @!@!@
@!@!@STARTMSG 2103:1 @!@!@
The error occurred when TLC was evaluating the nested
expressions at the following positions:
0. Line 74, column 11 to line 78, column 59 in MapReduce
1. Line 74, column 14 to line 74, column 35 in MapReduce
2. Line 75, column 14 to line 76, column 65 in MapReduce


@!@!@ENDMSG 2103 @!@!@
@!@!@STARTMSG 2201:0 @!@!@
The coverage statistics at 2022-11-19 16:39:55
@!@!@ENDMSG 2201 @!@!@
@!@!@STARTMSG 2773:0 @!@!@
<Init line 49, col 1 to line 49, col 4 of module MapReduce>: 162:162
@!@!@ENDMSG 2773 @!@!@
@!@!@STARTMSG 2221:0 @!@!@
  line 50, col 12 to line 50, col 35 of module MapReduce: 2
@!@!@ENDMSG 2221 @!@!@
@!@!@STARTMSG 2221:0 @!@!@
  line 51, col 12 to line 51, col 44 of module MapReduce: 162
@!@!@ENDMSG 2221 @!@!@
@!@!@STARTMSG 2221:0 @!@!@
  line 54, col 12 to line 54, col 47 of module MapReduce: 162
@!@!@ENDMSG 2221 @!@!@
@!@!@STARTMSG 2221:0 @!@!@
  line 55, col 12 to line 56, col 72 of module MapReduce: 162
@!@!@ENDMSG 2221 @!@!@
@!@!@STARTMSG 2772:0 @!@!@
<Schedule line 58, col 1 to line 58, col 8 of module MapReduce>: 101:327
@!@!@ENDMSG 2772 @!@!@
@!@!@STARTMSG 2221:0 @!@!@
  line 58, col 16 to line 58, col 39 of module MapReduce: 1393
@!@!@ENDMSG 2221 @!@!@
@!@!@STARTMSG 2221:0 @!@!@
  |line 58, col 16 to line 58, col 26 of module MapReduce: 1066
@!@!@ENDMSG 2221 @!@!@
@!@!@STARTMSG 2221:0 @!@!@
  line 59, col 16 to line 59, col 19 of module MapReduce: 327
@!@!@ENDMSG 2221 @!@!@
@!@!@STARTMSG 2221:0 @!@!@
  line 60, col 16 to line 60, col 60 of module MapReduce: 327
@!@!@ENDMSG 2221 @!@!@
@!@!@STARTMSG 2221:0 @!@!@
  line 61, col 16 to line 61, col 61 of module MapReduce: 327
@!@!@ENDMSG 2221 @!@!@
@!@!@STARTMSG 2772:0 @!@!@
<ReduceResult line 63, col 1 to line 63, col 12 of module MapReduce>: 360:571
@!@!@ENDMSG 2772 @!@!@
@!@!@STARTMSG 2221:0 @!@!@
  line 63, col 20 to line 63, col 47 of module MapReduce: 1554
@!@!@ENDMSG 2221 @!@!@
@!@!@STARTMSG 2221:0 @!@!@
  |line 63, col 20 to line 63, col 30 of module MapReduce: 1065
@!@!@ENDMSG 2221 @!@!@
@!@!@STARTMSG 2221:0 @!@!@
  line 64, col 23 to line 64, col 52 of module MapReduce: 732
@!@!@ENDMSG 2221 @!@!@
@!@!@STARTMSG 2221:0 @!@!@
  |line 64, col 41 to line 64, col 52 of module MapReduce: 977
@!@!@ENDMSG 2221 @!@!@
@!@!@STARTMSG 2221:0 @!@!@
  |line 64, col 32 to line 64, col 38 of module MapReduce: 732
@!@!@ENDMSG 2221 @!@!@
@!@!@STARTMSG 2221:0 @!@!@
  line 66, col 33 to line 67, col 76 of module MapReduce: 489
@!@!@ENDMSG 2221 @!@!@
@!@!@STARTMSG 2775:0 @!@!@
  line 65, col 40 to line 65, col 89 of module MapReduce: 650:1139
@!@!@ENDMSG 2775 @!@!@
@!@!@STARTMSG 2221:0 @!@!@
  |line 65, col 56 to line 65, col 88 of module MapReduce: 1300
@!@!@ENDMSG 2221 @!@!@
@!@!@STARTMSG 2221:0 @!@!@
  ||line 65, col 56 to line 65, col 67 of module MapReduce: 1300
@!@!@ENDMSG 2221 @!@!@
@!@!@STARTMSG 2221:0 @!@!@
  ||line 65, col 72 to line 65, col 88 of module MapReduce: 975
@!@!@ENDMSG 2221 @!@!@
@!@!@STARTMSG 2221:0 @!@!@
  |line 65, col 47 to line 65, col 53 of module MapReduce: 650
@!@!@ENDMSG 2221 @!@!@
@!@!@STARTMSG 2221:0 @!@!@
  line 68, col 31 to line 68, col 75 of module MapReduce: 489
@!@!@ENDMSG 2221 @!@!@
@!@!@STARTMSG 2221:0 @!@!@
  line 69, col 31 to line 69, col 34 of module MapReduce: 82
@!@!@ENDMSG 2221 @!@!@
@!@!@STARTMSG 2221:0 @!@!@
  line 70, col 31 to line 70, col 69 of module MapReduce: 82
@!@!@ENDMSG 2221 @!@!@
@!@!@STARTMSG 2221:0 @!@!@
  line 71, col 31 to line 71, col 61 of module MapReduce: 82
@!@!@ENDMSG 2221 @!@!@
@!@!@STARTMSG 2221:0 @!@!@
  line 72, col 20 to line 72, col 48 of module MapReduce: 571
@!@!@ENDMSG 2221 @!@!@
@!@!@STARTMSG 2772:0 @!@!@
<Finish line 74, col 1 to line 74, col 6 of module MapReduce>: 0:0
@!@!@ENDMSG 2772 @!@!@
@!@!@STARTMSG 2221:0 @!@!@
  line 74, col 14 to line 74, col 35 of module MapReduce: 1062
@!@!@ENDMSG 2221 @!@!@
@!@!@STARTMSG 2221:0 @!@!@
  line 75, col 14 to line 76, col 65 of module MapReduce: 7
@!@!@ENDMSG 2221 @!@!@
@!@!@STARTMSG 2221:0 @!@!@
  line 77, col 14 to line 77, col 50 of module MapReduce: 0
@!@!@ENDMSG 2221 @!@!@
@!@!@STARTMSG 2221:0 @!@!@
  line 78, col 14 to line 78, col 59 of module MapReduce: 0
@!@!@ENDMSG 2221 @!@!@
@!@!@STARTMSG 2772:0 @!@!@
<Worker line 82, col 1 to line 82, col 12 of module MapReduce>: 592:812
@!@!@ENDMSG 2772 @!@!@
@!@!@STARTMSG 2221:0 @!@!@
  line 82, col 20 to line 82, col 38 of module MapReduce: 2921
@!@!@ENDMSG 2221 @!@!@
@!@!@STARTMSG 2221:0 @!@!@
  |line 82, col 20 to line 82, col 27 of module MapReduce: 2109
@!@!@ENDMSG 2221 @!@!@
@!@!@STARTMSG 2221:0 @!@!@
  line 83, col 20 to line 83, col 56 of module MapReduce: 812
@!@!@ENDMSG 2221 @!@!@
@!@!@STARTMSG 2221:0 @!@!@
  line 84, col 20 to line 84, col 53 of module MapReduce: 812
@!@!@ENDMSG 2221 @!@!@
@!@!@STARTMSG 2221:0 @!@!@
  line 85, col 20 to line 85, col 57 of module MapReduce: 812
@!@!@ENDMSG 2221 @!@!@
@!@!@STARTMSG 2772:0 @!@!@
<Terminating line 90, col 1 to line 90, col 11 of module MapReduce>: 0:0
@!@!@ENDMSG 2772 @!@!@
@!@!@STARTMSG 2221:0 @!@!@
  line 90, col 40 to line 90, col 56 of module MapReduce: 1701
@!@!@ENDMSG 2221 @!@!@
@!@!@STARTMSG 2221:0 @!@!@
  line 90, col 31 to line 90, col 37 of module MapReduce: 1053
@!@!@ENDMSG 2221 @!@!@
@!@!@STARTMSG 2221:0 @!@!@
  line 91, col 19 to line 91, col 32 of module MapReduce: 0
@!@!@ENDMSG 2221 @!@!@
@!@!@STARTMSG 2202:0 @!@!@
End of statistics.
@!@!@ENDMSG 2202 @!@!@
@!@!@STARTMSG 2200:0 @!@!@
Progress(7) at 2022-11-19 16:39:55: 1,782 states generated (40,484 s/min), 1,134 distinct states found (25,762 ds/min), 75 states left on queue.
@!@!@ENDMSG 2200 @!@!@
@!@!@STARTMSG 2199:0 @!@!@
1782 states generated, 1134 distinct states found, 75 states left on queue.
@!@!@ENDMSG 2199 @!@!@
@!@!@STARTMSG 2186:0 @!@!@
Finished in 2649ms at (2022-11-19 16:39:55)
@!@!@ENDMSG 2186 @!@!@
