@!@!@STARTMSG 2262:0 @!@!@
TLC2 Version 2.16 of 31 December 2020 (rev: cdddf55)
@!@!@ENDMSG 2262 @!@!@
@!@!@STARTMSG 2187:0 @!@!@
Running breadth-first search Model-Checking with fp 81 and seed -2671493621718665492 with 1 worker on 12 cores with 3641MB heap and 64MB offheap memory [pid: 15378] (Mac OS X 10.16 x86_64, Oracle Corporation 11.0.1 x86_64, MSBDiskFPSet, DiskStateQueue).
@!@!@ENDMSG 2187 @!@!@
@!@!@STARTMSG 2220:0 @!@!@
Starting SANY...
@!@!@ENDMSG 2220 @!@!@
Parsing file /Users/wengjialin/learn-space/tla+/cacheinvalidationv1.tla
Parsing file /private/var/folders/w1/mgb5yw_j7tncb87mwhbx6h940000gn/T/Naturals.tla
Parsing file /Users/wengjialin/learn-space/tla+/cacherequirements.tla
Semantic processing of module Naturals
Semantic processing of module cacherequirements
Semantic processing of module cacheinvalidationv1
@!@!@STARTMSG 2219:0 @!@!@
SANY finished.
@!@!@ENDMSG 2219 @!@!@
@!@!@STARTMSG 2185:0 @!@!@
Starting... (2023-11-12 16:25:38)
@!@!@ENDMSG 2185 @!@!@
@!@!@STARTMSG 2212:0 @!@!@
Implied-temporal checking--satisfiability problem has 1 branches.
@!@!@ENDMSG 2212 @!@!@
@!@!@STARTMSG 2189:0 @!@!@
Computing initial states...
@!@!@ENDMSG 2189 @!@!@
@!@!@STARTMSG 2190:0 @!@!@
Finished computing initial states: 1 distinct state generated at 2023-11-12 16:25:39.
@!@!@ENDMSG 2190 @!@!@
@!@!@STARTMSG 2192:0 @!@!@
Checking temporal properties for the current state space with 63283 total distinct states at (2023-11-12 16:25:42)
@!@!@ENDMSG 2192 @!@!@
@!@!@STARTMSG 2116:1 @!@!@
Temporal properties were violated.

@!@!@ENDMSG 2116 @!@!@
@!@!@STARTMSG 2264:1 @!@!@
The following behavior constitutes a counter-example:

@!@!@ENDMSG 2264 @!@!@
@!@!@STARTMSG 2217:4 @!@!@
1: <Initial predicate>
/\ invalidationQueue = {}
/\ database = (k1 :> 0)
/\ cacheFillStates = (k1 :> [state |-> "inactive", version |-> 0])
/\ cache = (k1 :> [type |-> "miss"])

@!@!@ENDMSG 2217 @!@!@
@!@!@STARTMSG 2217:4 @!@!@
2: <CacheStartReadThroughFill line 59, col 5 to line 63, col 55 of module cacheinvalidationv1>
/\ invalidationQueue = {}
/\ database = (k1 :> 0)
/\ cacheFillStates = (k1 :> [state |-> "started", version |-> 0])
/\ cache = (k1 :> [type |-> "miss"])

@!@!@ENDMSG 2217 @!@!@
@!@!@STARTMSG 2217:4 @!@!@
3: <DatabaseRespondToCacheFill line 68, col 5 to line 73, col 55 of module cacheinvalidationv1>
/\ invalidationQueue = {}
/\ database = (k1 :> 0)
/\ cacheFillStates = (k1 :> [state |-> "respondedto", version |-> 0])
/\ cache = (k1 :> [type |-> "miss"])

@!@!@ENDMSG 2217 @!@!@
@!@!@STARTMSG 2217:4 @!@!@
4: <DatabaseUpdate line 47, col 5 to line 53, col 43 of module cacheinvalidationv1>
/\ invalidationQueue = {[key |-> k1]}
/\ database = (k1 :> 1)
/\ cacheFillStates = (k1 :> [state |-> "respondedto", version |-> 0])
/\ cache = (k1 :> [type |-> "miss"])

@!@!@ENDMSG 2217 @!@!@
@!@!@STARTMSG 2217:4 @!@!@
5: <CacheHandleInvalidationMessage line 109, col 5 to line 114, col 46 of module cacheinvalidationv1>
/\ invalidationQueue = {}
/\ database = (k1 :> 1)
/\ cacheFillStates = (k1 :> [state |-> "respondedto", version |-> 0])
/\ cache = (k1 :> [type |-> "miss"])

@!@!@ENDMSG 2217 @!@!@
@!@!@STARTMSG 2217:4 @!@!@
6: <CacheCompleteFill line 78, col 5 to line 91, col 48 of module cacheinvalidationv1>
/\ invalidationQueue = {}
/\ database = (k1 :> 1)
/\ cacheFillStates = (k1 :> [state |-> "inactive", version |-> 0])
/\ cache = (k1 :> [version |-> 0, type |-> "hit"])

@!@!@ENDMSG 2217 @!@!@
@!@!@STARTMSG 2218:4 @!@!@
7: Stuttering
@!@!@ENDMSG 2218 @!@!@
@!@!@STARTMSG 2267:0 @!@!@
Finished checking temporal properties in 00s at 2023-11-12 16:25:42
@!@!@ENDMSG 2267 @!@!@
@!@!@STARTMSG 2201:0 @!@!@
The coverage statistics at 2023-11-12 16:25:42
@!@!@ENDMSG 2201 @!@!@
@!@!@STARTMSG 2773:0 @!@!@
<Init line 32, col 1 to line 32, col 4 of module cacheinvalidationv1>: 2:2
@!@!@ENDMSG 2773 @!@!@
@!@!@STARTMSG 2221:0 @!@!@
  line 33, col 5 to line 42, col 29 of module cacheinvalidationv1: 2
@!@!@ENDMSG 2221 @!@!@
@!@!@STARTMSG 2772:0 @!@!@
<DatabaseUpdate line 45, col 1 to line 45, col 17 of module cacheinvalidationv1>: 16001:63288
@!@!@ENDMSG 2772 @!@!@
@!@!@STARTMSG 2221:0 @!@!@
  line 47, col 8 to line 48, col 47 of module cacheinvalidationv1: 63288
@!@!@ENDMSG 2221 @!@!@
@!@!@STARTMSG 2221:0 @!@!@
  line 52, col 8 to line 52, col 66 of module cacheinvalidationv1: 63288
@!@!@ENDMSG 2221 @!@!@
@!@!@STARTMSG 2221:0 @!@!@
  line 53, col 8 to line 53, col 43 of module cacheinvalidationv1: 63288
@!@!@ENDMSG 2221 @!@!@
@!@!@STARTMSG 2772:0 @!@!@
<CacheStartReadThroughFill line 57, col 1 to line 57, col 28 of module cacheinvalidationv1>: 180:359
@!@!@ENDMSG 2772 @!@!@
@!@!@STARTMSG 2221:0 @!@!@
  line 59, col 8 to line 59, col 29 of module cacheinvalidationv1: 63646
@!@!@ENDMSG 2221 @!@!@
@!@!@STARTMSG 2221:0 @!@!@
  |line 59, col 8 to line 59, col 15 of module cacheinvalidationv1: 63287
@!@!@ENDMSG 2221 @!@!@
@!@!@STARTMSG 2221:0 @!@!@
  |line 59, col 21 to line 59, col 29 of module cacheinvalidationv1: 63287
@!@!@ENDMSG 2221 @!@!@
@!@!@STARTMSG 2221:0 @!@!@
  line 61, col 8 to line 61, col 44 of module cacheinvalidationv1: 32539
@!@!@ENDMSG 2221 @!@!@
@!@!@STARTMSG 2221:0 @!@!@
  |line 61, col 8 to line 61, col 31 of module cacheinvalidationv1: 32180
@!@!@ENDMSG 2221 @!@!@
@!@!@STARTMSG 2221:0 @!@!@
  line 62, col 8 to line 62, col 73 of module cacheinvalidationv1: 359
@!@!@ENDMSG 2221 @!@!@
@!@!@STARTMSG 2221:0 @!@!@
  line 63, col 8 to line 63, col 55 of module cacheinvalidationv1: 359
@!@!@ENDMSG 2221 @!@!@
@!@!@STARTMSG 2772:0 @!@!@
<DatabaseRespondToCacheFill line 67, col 1 to line 67, col 29 of module cacheinvalidationv1>: 179:357
@!@!@ENDMSG 2772 @!@!@
@!@!@STARTMSG 2221:0 @!@!@
  line 68, col 8 to line 68, col 43 of module cacheinvalidationv1: 63643
@!@!@ENDMSG 2221 @!@!@
@!@!@STARTMSG 2221:0 @!@!@
  |line 68, col 8 to line 68, col 31 of module cacheinvalidationv1: 63286
@!@!@ENDMSG 2221 @!@!@
@!@!@STARTMSG 2221:0 @!@!@
  line 69, col 8 to line 72, col 27 of module cacheinvalidationv1: 357
@!@!@ENDMSG 2221 @!@!@
@!@!@STARTMSG 2221:0 @!@!@
  line 73, col 8 to line 73, col 55 of module cacheinvalidationv1: 357
@!@!@ENDMSG 2221 @!@!@
@!@!@STARTMSG 2772:0 @!@!@
<CacheCompleteFill line 77, col 1 to line 77, col 20 of module cacheinvalidationv1>: 31462:31464
@!@!@ENDMSG 2772 @!@!@
@!@!@STARTMSG 2221:0 @!@!@
  line 78, col 8 to line 78, col 47 of module cacheinvalidationv1: 94749
@!@!@ENDMSG 2221 @!@!@
@!@!@STARTMSG 2221:0 @!@!@
  |line 78, col 8 to line 78, col 31 of module cacheinvalidationv1: 63285
@!@!@ENDMSG 2221 @!@!@
@!@!@STARTMSG 2221:0 @!@!@
  line 79, col 8 to line 82, col 27 of module cacheinvalidationv1: 31464
@!@!@ENDMSG 2221 @!@!@
@!@!@STARTMSG 2221:0 @!@!@
  line 83, col 8 to line 90, col 17 of module cacheinvalidationv1: 31464
@!@!@ENDMSG 2221 @!@!@
@!@!@STARTMSG 2221:0 @!@!@
  line 91, col 8 to line 91, col 48 of module cacheinvalidationv1: 31464
@!@!@ENDMSG 2221 @!@!@
@!@!@STARTMSG 2772:0 @!@!@
<CacheHandleInvalidationMessage line 108, col 1 to line 108, col 30 of module cacheinvalidationv1>: 16177:31820
@!@!@ENDMSG 2772 @!@!@
@!@!@STARTMSG 2221:0 @!@!@
  line 111, col 9 to line 113, col 69 of module cacheinvalidationv1: 31820
@!@!@ENDMSG 2221 @!@!@
@!@!@STARTMSG 2221:0 @!@!@
  line 109, col 23 to line 109, col 39 of module cacheinvalidationv1: 63284
@!@!@ENDMSG 2221 @!@!@
@!@!@STARTMSG 2221:0 @!@!@
  line 114, col 8 to line 114, col 46 of module cacheinvalidationv1: 31820
@!@!@ENDMSG 2221 @!@!@
@!@!@STARTMSG 2772:0 @!@!@
<CacheEvict line 118, col 1 to line 118, col 13 of module cacheinvalidationv1>: 0:31107
@!@!@ENDMSG 2772 @!@!@
@!@!@STARTMSG 2221:0 @!@!@
  line 119, col 8 to line 119, col 28 of module cacheinvalidationv1: 94390
@!@!@ENDMSG 2221 @!@!@
@!@!@STARTMSG 2221:0 @!@!@
  |line 119, col 8 to line 119, col 15 of module cacheinvalidationv1: 63283
@!@!@ENDMSG 2221 @!@!@
@!@!@STARTMSG 2221:0 @!@!@
  |line 119, col 21 to line 119, col 28 of module cacheinvalidationv1: 63283
@!@!@ENDMSG 2221 @!@!@
@!@!@STARTMSG 2221:0 @!@!@
  line 120, col 8 to line 120, col 55 of module cacheinvalidationv1: 31107
@!@!@ENDMSG 2221 @!@!@
@!@!@STARTMSG 2221:0 @!@!@
  line 121, col 8 to line 121, col 65 of module cacheinvalidationv1: 31107
@!@!@ENDMSG 2221 @!@!@
@!@!@STARTMSG 2202:0 @!@!@
End of statistics.
@!@!@ENDMSG 2202 @!@!@
@!@!@STARTMSG 2200:0 @!@!@
Progress(181) at 2023-11-12 16:25:42: 158,386 states generated (2,426,132 s/min), 64,000 distinct states found (980,342 ds/min), 717 states left on queue.
@!@!@ENDMSG 2200 @!@!@
@!@!@STARTMSG 2199:0 @!@!@
158386 states generated, 64000 distinct states found, 717 states left on queue.
@!@!@ENDMSG 2199 @!@!@
@!@!@STARTMSG 2186:0 @!@!@
Finished in 3925ms at (2023-11-12 16:25:42)
@!@!@ENDMSG 2186 @!@!@
