@!@!@STARTMSG 2262:0 @!@!@
TLC2 Version 2.16 of 31 December 2020 (rev: cdddf55)
@!@!@ENDMSG 2262 @!@!@
@!@!@STARTMSG 2187:0 @!@!@
Running breadth-first search Model-Checking with fp 32 and seed -1714848606321698795 with 6 workers on 12 cores with 1214MB heap and 2730MB offheap memory [pid: 96491] (Mac OS X 10.14.3 x86_64, AdoptOpenJDK 14.0.1 x86_64, OffHeapDiskFPSet, DiskStateQueue).
@!@!@ENDMSG 2187 @!@!@
@!@!@STARTMSG 2220:0 @!@!@
Starting SANY...
@!@!@ENDMSG 2220 @!@!@
Parsing file /Users/wengjialin/learn-space/tla+/database.toolbox/Model_1/MC.tla
Parsing file /Users/wengjialin/learn-space/tla+/database.toolbox/Model_1/database.tla
Parsing file /private/var/folders/w1/mgb5yw_j7tncb87mwhbx6h940000gn/T/AppTranslocation/A64C7379-77BA-4E8E-B386-14EFC93D823D/d/TLA+ Toolbox.app/Contents/Eclipse/plugins/org.lamport.tlatools_1.0.0.202012311918/tla2sany/StandardModules/TLC.tla
Parsing file /private/var/folders/w1/mgb5yw_j7tncb87mwhbx6h940000gn/T/AppTranslocation/A64C7379-77BA-4E8E-B386-14EFC93D823D/d/TLA+ Toolbox.app/Contents/Eclipse/plugins/org.lamport.tlatools_1.0.0.202012311918/tla2sany/StandardModules/Integers.tla
Parsing file /private/var/folders/w1/mgb5yw_j7tncb87mwhbx6h940000gn/T/AppTranslocation/A64C7379-77BA-4E8E-B386-14EFC93D823D/d/TLA+ Toolbox.app/Contents/Eclipse/plugins/org.lamport.tlatools_1.0.0.202012311918/tla2sany/StandardModules/Sequences.tla
Parsing file /private/var/folders/w1/mgb5yw_j7tncb87mwhbx6h940000gn/T/AppTranslocation/A64C7379-77BA-4E8E-B386-14EFC93D823D/d/TLA+ Toolbox.app/Contents/Eclipse/plugins/org.lamport.tlatools_1.0.0.202012311918/tla2sany/StandardModules/Naturals.tla
Parsing file /private/var/folders/w1/mgb5yw_j7tncb87mwhbx6h940000gn/T/AppTranslocation/A64C7379-77BA-4E8E-B386-14EFC93D823D/d/TLA+ Toolbox.app/Contents/Eclipse/plugins/org.lamport.tlatools_1.0.0.202012311918/tla2sany/StandardModules/FiniteSets.tla
Semantic processing of module Naturals
Semantic processing of module Integers
Semantic processing of module Sequences
Semantic processing of module FiniteSets
Semantic processing of module TLC
Semantic processing of module database
Semantic processing of module MC
@!@!@STARTMSG 2219:0 @!@!@
SANY finished.
@!@!@ENDMSG 2219 @!@!@
@!@!@STARTMSG 2185:0 @!@!@
Starting... (2022-10-18 23:47:45)
@!@!@ENDMSG 2185 @!@!@
@!@!@STARTMSG 2189:0 @!@!@
Computing initial states...
@!@!@ENDMSG 2189 @!@!@
@!@!@STARTMSG 2190:0 @!@!@
Finished computing initial states: 2 distinct states generated at 2022-10-18 23:47:45.
@!@!@ENDMSG 2190 @!@!@
@!@!@STARTMSG 2132:1 @!@!@
The first argument of Assert evaluated to FALSE; the second argument was:
"Failure of assertion at line 34, column 21."
@!@!@ENDMSG 2132 @!@!@
@!@!@STARTMSG 2121:1 @!@!@
The behavior up to this point is:
@!@!@ENDMSG 2121 @!@!@
@!@!@STARTMSG 2217:4 @!@!@
1: <Initial predicate>
/\ result = (c1 :> NULL @@ c2 :> NULL)
/\ query = (c1 :> NULL @@ c2 :> NULL)
/\ db_value = d1
/\ pc = (c1 :> "Request" @@ c2 :> "Request" @@ "Database" :> "DB")

@!@!@ENDMSG 2217 @!@!@
@!@!@STARTMSG 2217:4 @!@!@
2: <Request line 84, col 18 to line 90, col 52 of module database>
/\ result = (c1 :> NULL @@ c2 :> NULL)
/\ query = (c1 :> [type |-> "request", request |-> "read"] @@ c2 :> NULL)
/\ db_value = d1
/\ pc = (c1 :> "Confirm" @@ c2 :> "Request" @@ "Database" :> "DB")

@!@!@ENDMSG 2217 @!@!@
@!@!@STARTMSG 2217:4 @!@!@
3: <DB line 107, col 7 to line 119, col 25 of module database>
/\ result = (c1 :> NULL @@ c2 :> NULL)
/\ query = (c1 :> [type |-> "response", result |-> d1] @@ c2 :> NULL)
/\ db_value = d1
/\ pc = (c1 :> "Confirm" @@ c2 :> "Request" @@ "Database" :> "DB")

@!@!@ENDMSG 2217 @!@!@
@!@!@STARTMSG 2217:4 @!@!@
4: <Request line 84, col 18 to line 90, col 52 of module database>
/\ result = (c1 :> NULL @@ c2 :> NULL)
/\ query = ( c1 :> [type |-> "response", result |-> d1] @@
  c2 :> [type |-> "request", request |-> "write", data |-> d2] )
/\ db_value = d1
/\ pc = (c1 :> "Confirm" @@ c2 :> "Wait" @@ "Database" :> "DB")

@!@!@ENDMSG 2217 @!@!@
@!@!@STARTMSG 2217:4 @!@!@
5: <DB line 107, col 7 to line 119, col 25 of module database>
/\ result = (c1 :> NULL @@ c2 :> NULL)
/\ query = ( c1 :> [type |-> "response", result |-> d1] @@
  c2 :> [type |-> "response", result |-> d2] )
/\ db_value = d2
/\ pc = (c1 :> "Confirm" @@ c2 :> "Wait" @@ "Database" :> "DB")

@!@!@ENDMSG 2217 @!@!@
@!@!@STARTMSG 2103:1 @!@!@
The error occurred when TLC was evaluating the nested
expressions at the following positions:
0. Line 92, column 18 to line 98, column 51 in database
1. Line 92, column 21 to line 92, column 40 in database
2. Line 93, column 21 to line 93, column 49 in database
3. Line 94, column 21 to line 94, column 74 in database
4. Line 95, column 21 to line 96, column 73 in database


@!@!@ENDMSG 2103 @!@!@
@!@!@STARTMSG 2201:0 @!@!@
The coverage statistics at 2022-10-18 23:47:45
@!@!@ENDMSG 2201 @!@!@
@!@!@STARTMSG 2773:0 @!@!@
<Init line 76, col 1 to line 76, col 4 of module database>: 4:4
@!@!@ENDMSG 2773 @!@!@
@!@!@STARTMSG 2221:0 @!@!@
  line 77, col 12 to line 77, col 43 of module database: 2
@!@!@ENDMSG 2221 @!@!@
@!@!@STARTMSG 2221:0 @!@!@
  line 78, col 12 to line 78, col 28 of module database: 2
@!@!@ENDMSG 2221 @!@!@
@!@!@STARTMSG 2221:0 @!@!@
  line 80, col 12 to line 80, col 47 of module database: 4
@!@!@ENDMSG 2221 @!@!@
@!@!@STARTMSG 2221:0 @!@!@
  line 81, col 12 to line 82, col 69 of module database: 4
@!@!@ENDMSG 2221 @!@!@
@!@!@STARTMSG 2772:0 @!@!@
<Request line 84, col 1 to line 84, col 13 of module database>: 121:243
@!@!@ENDMSG 2772 @!@!@
@!@!@STARTMSG 2221:0 @!@!@
  line 84, col 21 to line 84, col 40 of module database: 359
@!@!@ENDMSG 2221 @!@!@
@!@!@STARTMSG 2221:0 @!@!@
  |line 84, col 21 to line 84, col 28 of module database: 278
@!@!@ENDMSG 2221 @!@!@
@!@!@STARTMSG 2221:0 @!@!@
  line 85, col 24 to line 86, col 63 of module database: 81
@!@!@ENDMSG 2221 @!@!@
@!@!@STARTMSG 2221:0 @!@!@
  line 88, col 29 to line 88, col 121 of module database: 162
@!@!@ENDMSG 2221 @!@!@
@!@!@STARTMSG 2221:0 @!@!@
  line 87, col 36 to line 87, col 39 of module database: 81
@!@!@ENDMSG 2221 @!@!@
@!@!@STARTMSG 2221:0 @!@!@
  line 89, col 27 to line 89, col 60 of module database: 162
@!@!@ENDMSG 2221 @!@!@
@!@!@STARTMSG 2221:0 @!@!@
  line 90, col 21 to line 90, col 52 of module database: 243
@!@!@ENDMSG 2221 @!@!@
@!@!@STARTMSG 2772:0 @!@!@
<Confirm line 92, col 1 to line 92, col 13 of module database>: 15:29
@!@!@ENDMSG 2772 @!@!@
@!@!@STARTMSG 2221:0 @!@!@
  line 92, col 21 to line 92, col 40 of module database: 305
@!@!@ENDMSG 2221 @!@!@
@!@!@STARTMSG 2221:0 @!@!@
  |line 92, col 21 to line 92, col 28 of module database: 276
@!@!@ENDMSG 2221 @!@!@
@!@!@STARTMSG 2221:0 @!@!@
  line 93, col 21 to line 93, col 49 of module database: 106
@!@!@ENDMSG 2221 @!@!@
@!@!@STARTMSG 2221:0 @!@!@
  |line 93, col 21 to line 93, col 36 of module database: 77
@!@!@ENDMSG 2221 @!@!@
@!@!@STARTMSG 2221:0 @!@!@
  line 94, col 21 to line 94, col 74 of module database: 29
@!@!@ENDMSG 2221 @!@!@
@!@!@STARTMSG 2221:0 @!@!@
  |line 94, col 31 to line 94, col 74 of module database: 34
@!@!@ENDMSG 2221 @!@!@
@!@!@STARTMSG 2221:0 @!@!@
  line 95, col 21 to line 96, col 73 of module database: 29
@!@!@ENDMSG 2221 @!@!@
@!@!@STARTMSG 2221:0 @!@!@
  |line 95, col 28 to line 95, col 51 of module database: 34
@!@!@ENDMSG 2221 @!@!@
@!@!@STARTMSG 2221:0 @!@!@
  line 97, col 21 to line 97, col 57 of module database: 29
@!@!@ENDMSG 2221 @!@!@
@!@!@STARTMSG 2221:0 @!@!@
  line 98, col 21 to line 98, col 51 of module database: 29
@!@!@ENDMSG 2221 @!@!@
@!@!@STARTMSG 2772:0 @!@!@
<Wait line 100, col 1 to line 100, col 10 of module database>: 33:40
@!@!@ENDMSG 2772 @!@!@
@!@!@STARTMSG 2221:0 @!@!@
  line 100, col 18 to line 100, col 34 of module database: 311
@!@!@ENDMSG 2221 @!@!@
@!@!@STARTMSG 2221:0 @!@!@
  |line 100, col 18 to line 100, col 25 of module database: 271
@!@!@ENDMSG 2221 @!@!@
@!@!@STARTMSG 2221:0 @!@!@
  line 101, col 18 to line 101, col 46 of module database: 160
@!@!@ENDMSG 2221 @!@!@
@!@!@STARTMSG 2221:0 @!@!@
  |line 101, col 18 to line 101, col 33 of module database: 120
@!@!@ENDMSG 2221 @!@!@
@!@!@STARTMSG 2221:0 @!@!@
  line 102, col 18 to line 102, col 54 of module database: 40
@!@!@ENDMSG 2221 @!@!@
@!@!@STARTMSG 2221:0 @!@!@
  line 103, col 18 to line 103, col 56 of module database: 40
@!@!@ENDMSG 2221 @!@!@
@!@!@STARTMSG 2772:0 @!@!@
<DB line 107, col 1 to line 107, col 2 of module database>: 62:125
@!@!@ENDMSG 2772 @!@!@
@!@!@STARTMSG 2221:0 @!@!@
  line 107, col 10 to line 107, col 30 of module database: 239
@!@!@ENDMSG 2221 @!@!@
@!@!@STARTMSG 2221:0 @!@!@
  |line 107, col 10 to line 107, col 23 of module database: 143
@!@!@ENDMSG 2221 @!@!@
@!@!@STARTMSG 2221:0 @!@!@
  line 110, col 20 to line 110, col 38 of module database: 125
@!@!@ENDMSG 2221 @!@!@
@!@!@STARTMSG 2221:0 @!@!@
  line 111, col 25 to line 111, col 45 of module database: 81
@!@!@ENDMSG 2221 @!@!@
@!@!@STARTMSG 2221:0 @!@!@
  line 112, col 28 to line 115, col 91 of module database: 44
@!@!@ENDMSG 2221 @!@!@
@!@!@STARTMSG 2221:0 @!@!@
  line 116, col 28 to line 116, col 45 of module database: 44
@!@!@ENDMSG 2221 @!@!@
@!@!@STARTMSG 2221:0 @!@!@
  line 117, col 17 to line 117, col 95 of module database: 125
@!@!@ENDMSG 2221 @!@!@
@!@!@STARTMSG 2221:0 @!@!@
  line 108, col 24 to line 108, col 40 of module database: 143
@!@!@ENDMSG 2221 @!@!@
@!@!@STARTMSG 2775:0 @!@!@
  |line 68, col 22 to line 68, col 83 of module database: 143:268
@!@!@ENDMSG 2775 @!@!@
@!@!@STARTMSG 2221:0 @!@!@
  ||line 68, col 38 to line 68, col 82 of module database: 286
@!@!@ENDMSG 2221 @!@!@
@!@!@STARTMSG 2221:0 @!@!@
  |||line 68, col 38 to line 68, col 53 of module database: 286
@!@!@ENDMSG 2221 @!@!@
@!@!@STARTMSG 2221:0 @!@!@
  |||line 68, col 58 to line 68, col 82 of module database: 238
@!@!@ENDMSG 2221 @!@!@
@!@!@STARTMSG 2221:0 @!@!@
  ||line 68, col 29 to line 68, col 35 of module database: 143
@!@!@ENDMSG 2221 @!@!@
@!@!@STARTMSG 2221:0 @!@!@
  line 118, col 10 to line 118, col 47 of module database: 125
@!@!@ENDMSG 2221 @!@!@
@!@!@STARTMSG 2221:0 @!@!@
  line 119, col 10 to line 119, col 25 of module database: 125
@!@!@ENDMSG 2221 @!@!@
@!@!@STARTMSG 2202:0 @!@!@
End of statistics.
@!@!@ENDMSG 2202 @!@!@
@!@!@STARTMSG 2200:0 @!@!@
Progress(7) at 2022-10-18 23:47:45: 430 states generated (24,478 s/min), 233 distinct states found (13,263 ds/min), 95 states left on queue.
@!@!@ENDMSG 2200 @!@!@
@!@!@STARTMSG 2199:0 @!@!@
430 states generated, 233 distinct states found, 95 states left on queue.
@!@!@ENDMSG 2199 @!@!@
@!@!@STARTMSG 2186:0 @!@!@
Finished in 1060ms at (2022-10-18 23:47:45)
@!@!@ENDMSG 2186 @!@!@
