@!@!@STARTMSG 2262:0 @!@!@
TLC2 Version 2.16 of 31 December 2020 (rev: cdddf55)
@!@!@ENDMSG 2262 @!@!@
@!@!@STARTMSG 2187:0 @!@!@
Running breadth-first search Model-Checking with fp 64 and seed 7068599961961476407 with 6 workers on 12 cores with 1214MB heap and 2730MB offheap memory [pid: 93834] (Mac OS X 10.14.3 x86_64, AdoptOpenJDK 14.0.1 x86_64, OffHeapDiskFPSet, DiskStateQueue).
@!@!@ENDMSG 2187 @!@!@
@!@!@STARTMSG 2220:0 @!@!@
Starting SANY...
@!@!@ENDMSG 2220 @!@!@
Parsing file /Users/wengjialin/learn-space/tla+/MapReduce4.toolbox/Model_2/MC.tla
Parsing file /Users/wengjialin/learn-space/tla+/MapReduce4.toolbox/Model_2/MapReduce4.tla
Parsing file /private/var/folders/w1/mgb5yw_j7tncb87mwhbx6h940000gn/T/AppTranslocation/B3FEC993-693D-4C5A-B130-031957824C48/d/TLA+ Toolbox.app/Contents/Eclipse/plugins/org.lamport.tlatools_1.0.0.202012311918/tla2sany/StandardModules/TLC.tla
Parsing file /private/var/folders/w1/mgb5yw_j7tncb87mwhbx6h940000gn/T/AppTranslocation/B3FEC993-693D-4C5A-B130-031957824C48/d/TLA+ Toolbox.app/Contents/Eclipse/plugins/org.lamport.tlatools_1.0.0.202012311918/tla2sany/StandardModules/Integers.tla
Parsing file /private/var/folders/w1/mgb5yw_j7tncb87mwhbx6h940000gn/T/AppTranslocation/B3FEC993-693D-4C5A-B130-031957824C48/d/TLA+ Toolbox.app/Contents/Eclipse/plugins/org.lamport.tlatools_1.0.0.202012311918/tla2sany/StandardModules/Sequences.tla
Parsing file /private/var/folders/w1/mgb5yw_j7tncb87mwhbx6h940000gn/T/AppTranslocation/B3FEC993-693D-4C5A-B130-031957824C48/d/TLA+ Toolbox.app/Contents/Eclipse/plugins/org.lamport.tlatools_1.0.0.202012311918/tla2sany/StandardModules/FiniteSets.tla
Parsing file /private/var/folders/w1/mgb5yw_j7tncb87mwhbx6h940000gn/T/AppTranslocation/B3FEC993-693D-4C5A-B130-031957824C48/d/TLA+ Toolbox.app/Contents/Eclipse/plugins/org.lamport.tlatools_1.0.0.202012311918/tla2sany/StandardModules/Naturals.tla
Parsing file /Users/wengjialin/learn-space/tla+/MapReduce4.toolbox/Model_2/PT.tla
Semantic processing of module Naturals
Semantic processing of module Integers
Semantic processing of module Sequences
Semantic processing of module FiniteSets
Semantic processing of module TLC
Semantic processing of module PT
Semantic processing of module MapReduce4
Semantic processing of module MC
@!@!@STARTMSG 2219:0 @!@!@
SANY finished.
@!@!@ENDMSG 2219 @!@!@
@!@!@STARTMSG 2185:0 @!@!@
Starting... (2022-11-26 19:37:25)
@!@!@ENDMSG 2185 @!@!@
@!@!@STARTMSG 2212:0 @!@!@
Implied-temporal checking--satisfiability problem has 2 branches.
@!@!@ENDMSG 2212 @!@!@
@!@!@STARTMSG 2189:0 @!@!@
Computing initial states...
@!@!@ENDMSG 2189 @!@!@
@!@!@STARTMSG 2269:0 @!@!@
Computed 2 initial states...
@!@!@ENDMSG 2269 @!@!@
@!@!@STARTMSG 2269:0 @!@!@
Computed 4 initial states...
@!@!@ENDMSG 2269 @!@!@
@!@!@STARTMSG 2269:0 @!@!@
Computed 8 initial states...
@!@!@ENDMSG 2269 @!@!@
@!@!@STARTMSG 2269:0 @!@!@
Computed 16 initial states...
@!@!@ENDMSG 2269 @!@!@
@!@!@STARTMSG 2269:0 @!@!@
Computed 32 initial states...
@!@!@ENDMSG 2269 @!@!@
@!@!@STARTMSG 2269:0 @!@!@
Computed 64 initial states...
@!@!@ENDMSG 2269 @!@!@
@!@!@STARTMSG 2190:0 @!@!@
Finished computing initial states: 81 distinct states generated at 2022-11-26 19:37:28.
@!@!@ENDMSG 2190 @!@!@
@!@!@STARTMSG 2200:0 @!@!@
Progress(4) at 2022-11-26 19:37:30: 1,053 states generated, 648 distinct states found, 0 states left on queue.
@!@!@ENDMSG 2200 @!@!@
@!@!@STARTMSG 2192:0 @!@!@
Checking 2 branches of temporal properties for the complete state space with 1296 total distinct states at (2022-11-26 19:37:30)
@!@!@ENDMSG 2192 @!@!@
@!@!@STARTMSG 2116:1 @!@!@
Temporal properties were violated.

@!@!@ENDMSG 2116 @!@!@
@!@!@STARTMSG 2264:1 @!@!@
The following behavior constitutes a counter-example:

@!@!@ENDMSG 2264 @!@!@
@!@!@STARTMSG 2217:4 @!@!@
1: <Initial predicate>
/\ final = (w1 :> 0 @@ w2 :> 0 @@ w3 :> 0)
/\ pc = ( w1 :> "FairWorker" @@
  w2 :> "RegularWorker" @@
  w3 :> "RegularWorker" @@
  Reducer :> "Schedule" )
/\ assignments = (w1 :> <<>> @@ w2 :> <<>> @@ w3 :> <<>>)
/\ input = <<0, 0, 0, 0>>
/\ count = (w1 :> 0 @@ w2 :> 0 @@ w3 :> 0 @@ Reducer :> 0)
/\ queue = (w1 :> <<>> @@ w2 :> <<>> @@ w3 :> <<>>)
/\ result = ( w1 :> [total |-> NULL, count |-> NULL] @@
  w2 :> [total |-> NULL, count |-> NULL] @@
  w3 :> [total |-> NULL, count |-> NULL] )
/\ total = (w1 :> 0 @@ w2 :> 0 @@ w3 :> 0 @@ Reducer :> 0)
/\ status = (w1 :> "active" @@ w2 :> "active" @@ w3 :> "active")
/\ stack = (w1 :> <<>> @@ w2 :> <<>> @@ w3 :> <<>> @@ Reducer :> <<>>)

@!@!@ENDMSG 2217 @!@!@
@!@!@STARTMSG 2217:4 @!@!@
2: <RegularWorker line 257, col 24 to line 267, col 53 of module MapReduce4>
/\ final = (w1 :> 0 @@ w2 :> 0 @@ w3 :> 0)
/\ pc = ( w1 :> "FairWorker" @@
  w2 :> "WaitForQueue" @@
  w3 :> "RegularWorker" @@
  Reducer :> "Schedule" )
/\ assignments = (w1 :> <<>> @@ w2 :> <<>> @@ w3 :> <<>>)
/\ input = <<0, 0, 0, 0>>
/\ count = (w1 :> 0 @@ w2 :> 0 @@ w3 :> 0 @@ Reducer :> 0)
/\ queue = (w1 :> <<>> @@ w2 :> <<>> @@ w3 :> <<>>)
/\ result = ( w1 :> [total |-> NULL, count |-> NULL] @@
  w2 :> [total |-> NULL, count |-> NULL] @@
  w3 :> [total |-> NULL, count |-> NULL] )
/\ total = (w1 :> 0 @@ w2 :> 0 @@ w3 :> 0 @@ Reducer :> 0)
/\ status = (w1 :> "active" @@ w2 :> "active" @@ w3 :> "active")
/\ stack = ( w1 :> <<>> @@
  w2 :> <<[pc |-> "Done", total |-> 0, count |-> 0, procedure |-> "work"]>> @@
  w3 :> <<>> @@
  Reducer :> <<>> )

@!@!@ENDMSG 2217 @!@!@
@!@!@STARTMSG 2217:4 @!@!@
3: <FairWorker line 243, col 21 to line 253, col 50 of module MapReduce4>
/\ final = (w1 :> 0 @@ w2 :> 0 @@ w3 :> 0)
/\ pc = ( w1 :> "WaitForQueue" @@
  w2 :> "WaitForQueue" @@
  w3 :> "RegularWorker" @@
  Reducer :> "Schedule" )
/\ assignments = (w1 :> <<>> @@ w2 :> <<>> @@ w3 :> <<>>)
/\ input = <<0, 0, 0, 0>>
/\ count = (w1 :> 0 @@ w2 :> 0 @@ w3 :> 0 @@ Reducer :> 0)
/\ queue = (w1 :> <<>> @@ w2 :> <<>> @@ w3 :> <<>>)
/\ result = ( w1 :> [total |-> NULL, count |-> NULL] @@
  w2 :> [total |-> NULL, count |-> NULL] @@
  w3 :> [total |-> NULL, count |-> NULL] )
/\ total = (w1 :> 0 @@ w2 :> 0 @@ w3 :> 0 @@ Reducer :> 0)
/\ status = (w1 :> "active" @@ w2 :> "active" @@ w3 :> "active")
/\ stack = ( w1 :> <<[pc |-> "Done", total |-> 0, count |-> 0, procedure |-> "work"]>> @@
  w2 :> <<[pc |-> "Done", total |-> 0, count |-> 0, procedure |-> "work"]>> @@
  w3 :> <<>> @@
  Reducer :> <<>> )

@!@!@ENDMSG 2217 @!@!@
@!@!@STARTMSG 2217:4 @!@!@
4: <RegularWorker line 257, col 24 to line 267, col 53 of module MapReduce4>
/\ final = (w1 :> 0 @@ w2 :> 0 @@ w3 :> 0)
/\ pc = ( w1 :> "WaitForQueue" @@
  w2 :> "WaitForQueue" @@
  w3 :> "WaitForQueue" @@
  Reducer :> "Schedule" )
/\ assignments = (w1 :> <<>> @@ w2 :> <<>> @@ w3 :> <<>>)
/\ input = <<0, 0, 0, 0>>
/\ count = (w1 :> 0 @@ w2 :> 0 @@ w3 :> 0 @@ Reducer :> 0)
/\ queue = (w1 :> <<>> @@ w2 :> <<>> @@ w3 :> <<>>)
/\ result = ( w1 :> [total |-> NULL, count |-> NULL] @@
  w2 :> [total |-> NULL, count |-> NULL] @@
  w3 :> [total |-> NULL, count |-> NULL] )
/\ total = (w1 :> 0 @@ w2 :> 0 @@ w3 :> 0 @@ Reducer :> 0)
/\ status = (w1 :> "active" @@ w2 :> "active" @@ w3 :> "active")
/\ stack = ( w1 :> <<[pc |-> "Done", total |-> 0, count |-> 0, procedure |-> "work"]>> @@
  w2 :> <<[pc |-> "Done", total |-> 0, count |-> 0, procedure |-> "work"]>> @@
  w3 :> <<[pc |-> "Done", total |-> 0, count |-> 0, procedure |-> "work"]>> @@
  Reducer :> <<>> )

@!@!@ENDMSG 2217 @!@!@
@!@!@STARTMSG 2218:4 @!@!@
5: Stuttering
@!@!@ENDMSG 2218 @!@!@
@!@!@STARTMSG 2267:0 @!@!@
Finished checking temporal properties in 00s at 2022-11-26 19:37:30
@!@!@ENDMSG 2267 @!@!@
@!@!@STARTMSG 2201:0 @!@!@
The coverage statistics at 2022-11-26 19:37:30
@!@!@ENDMSG 2201 @!@!@
@!@!@STARTMSG 2773:0 @!@!@
<Init line 159, col 1 to line 159, col 4 of module MapReduce4>: 162:162
@!@!@ENDMSG 2773 @!@!@
@!@!@STARTMSG 2221:0 @!@!@
  line 160, col 12 to line 160, col 35 of module MapReduce4: 2
@!@!@ENDMSG 2221 @!@!@
@!@!@STARTMSG 2221:0 @!@!@
  line 161, col 12 to line 161, col 72 of module MapReduce4: 162
@!@!@ENDMSG 2221 @!@!@
@!@!@STARTMSG 2221:0 @!@!@
  line 162, col 12 to line 162, col 43 of module MapReduce4: 162
@!@!@ENDMSG 2221 @!@!@
@!@!@STARTMSG 2221:0 @!@!@
  line 163, col 12 to line 163, col 48 of module MapReduce4: 162
@!@!@ENDMSG 2221 @!@!@
@!@!@STARTMSG 2221:0 @!@!@
  line 165, col 12 to line 165, col 44 of module MapReduce4: 162
@!@!@ENDMSG 2221 @!@!@
@!@!@STARTMSG 2221:0 @!@!@
  line 166, col 12 to line 166, col 44 of module MapReduce4: 162
@!@!@ENDMSG 2221 @!@!@
@!@!@STARTMSG 2221:0 @!@!@
  line 168, col 12 to line 168, col 40 of module MapReduce4: 162
@!@!@ENDMSG 2221 @!@!@
@!@!@STARTMSG 2221:0 @!@!@
  line 169, col 12 to line 169, col 49 of module MapReduce4: 162
@!@!@ENDMSG 2221 @!@!@
@!@!@STARTMSG 2221:0 @!@!@
  line 170, col 12 to line 170, col 47 of module MapReduce4: 162
@!@!@ENDMSG 2221 @!@!@
@!@!@STARTMSG 2221:0 @!@!@
  line 171, col 12 to line 173, col 85 of module MapReduce4: 162
@!@!@ENDMSG 2221 @!@!@
@!@!@STARTMSG 2772:0 @!@!@
<WaitForQueue line 175, col 1 to line 175, col 18 of module MapReduce4>: 0:0
@!@!@ENDMSG 2772 @!@!@
@!@!@STARTMSG 2221:0 @!@!@
  line 175, col 26 to line 175, col 50 of module MapReduce4: 2604
@!@!@ENDMSG 2221 @!@!@
@!@!@STARTMSG 2221:0 @!@!@
  line 176, col 26 to line 176, col 44 of module MapReduce4: 975
@!@!@ENDMSG 2221 @!@!@
@!@!@STARTMSG 2221:0 @!@!@
  line 177, col 26 to line 177, col 62 of module MapReduce4: 0
@!@!@ENDMSG 2221 @!@!@
@!@!@STARTMSG 2221:0 @!@!@
  line 178, col 26 to line 179, col 73 of module MapReduce4: 0
@!@!@ENDMSG 2221 @!@!@
@!@!@STARTMSG 2772:0 @!@!@
<Process line 181, col 1 to line 181, col 13 of module MapReduce4>: 0:0
@!@!@ENDMSG 2772 @!@!@
@!@!@STARTMSG 2221:0 @!@!@
  line 181, col 21 to line 181, col 40 of module MapReduce4: 2604
@!@!@ENDMSG 2221 @!@!@
@!@!@STARTMSG 2221:0 @!@!@
  line 183, col 32 to line 183, col 96 of module MapReduce4: 0
@!@!@ENDMSG 2221 @!@!@
@!@!@STARTMSG 2221:0 @!@!@
  line 184, col 32 to line 184, col 82 of module MapReduce4: 0
@!@!@ENDMSG 2221 @!@!@
@!@!@STARTMSG 2221:0 @!@!@
  line 185, col 32 to line 185, col 80 of module MapReduce4: 0
@!@!@ENDMSG 2221 @!@!@
@!@!@STARTMSG 2221:0 @!@!@
  line 186, col 32 to line 186, col 68 of module MapReduce4: 0
@!@!@ENDMSG 2221 @!@!@
@!@!@STARTMSG 2221:0 @!@!@
  line 187, col 32 to line 187, col 67 of module MapReduce4: 0
@!@!@ENDMSG 2221 @!@!@
@!@!@STARTMSG 2221:0 @!@!@
  line 188, col 32 to line 188, col 66 of module MapReduce4: 0
@!@!@ENDMSG 2221 @!@!@
@!@!@STARTMSG 2221:0 @!@!@
  line 189, col 21 to line 190, col 47 of module MapReduce4: 0
@!@!@ENDMSG 2221 @!@!@
@!@!@STARTMSG 2772:0 @!@!@
<Result line 192, col 1 to line 192, col 12 of module MapReduce4>: 0:0
@!@!@ENDMSG 2772 @!@!@
@!@!@STARTMSG 2221:0 @!@!@
  line 192, col 20 to line 192, col 38 of module MapReduce4: 2604
@!@!@ENDMSG 2221 @!@!@
@!@!@STARTMSG 2221:0 @!@!@
  line 193, col 20 to line 193, col 101 of module MapReduce4: 0
@!@!@ENDMSG 2221 @!@!@
@!@!@STARTMSG 2221:0 @!@!@
  line 194, col 20 to line 194, col 61 of module MapReduce4: 0
@!@!@ENDMSG 2221 @!@!@
@!@!@STARTMSG 2221:0 @!@!@
  line 195, col 20 to line 196, col 53 of module MapReduce4: 0
@!@!@ENDMSG 2221 @!@!@
@!@!@STARTMSG 2772:0 @!@!@
<Schedule line 200, col 1 to line 200, col 8 of module MapReduce4>: 0:0
@!@!@ENDMSG 2772 @!@!@
@!@!@STARTMSG 2221:0 @!@!@
  line 200, col 16 to line 200, col 39 of module MapReduce4: 651
@!@!@ENDMSG 2221 @!@!@
@!@!@STARTMSG 2221:0 @!@!@
  line 202, col 21 to line 206, col 30 of module MapReduce4: 0
@!@!@ENDMSG 2221 @!@!@
@!@!@STARTMSG 2775:0 @!@!@
  |line 202, col 39 to line 206, col 30 of module MapReduce4: 651:1953
@!@!@ENDMSG 2775 @!@!@
@!@!@STARTMSG 2221:0 @!@!@
  line 207, col 21 to line 207, col 41 of module MapReduce4: 0
@!@!@ENDMSG 2221 @!@!@
@!@!@STARTMSG 2221:0 @!@!@
  |line 207, col 36 to line 207, col 41 of module MapReduce4: 651
@!@!@ENDMSG 2221 @!@!@
@!@!@STARTMSG 2221:0 @!@!@
  line 209, col 18 to line 209, col 60 of module MapReduce4: 0
@!@!@ENDMSG 2221 @!@!@
@!@!@STARTMSG 2775:0 @!@!@
  line 208, col 25 to line 208, col 65 of module MapReduce4: 651:651
@!@!@ENDMSG 2775 @!@!@
@!@!@STARTMSG 2221:0 @!@!@
  |line 208, col 47 to line 208, col 64 of module MapReduce4: 1953
@!@!@ENDMSG 2221 @!@!@
@!@!@STARTMSG 2221:0 @!@!@
  |line 208, col 32 to line 208, col 44 of module MapReduce4: 651
@!@!@ENDMSG 2221 @!@!@
@!@!@STARTMSG 2775:0 @!@!@
  ||line 137, col 18 to line 137, col 54 of module MapReduce4: 651:2604
@!@!@ENDMSG 2775 @!@!@
@!@!@STARTMSG 2221:0 @!@!@
  |||line 137, col 34 to line 137, col 53 of module MapReduce4: 1953
@!@!@ENDMSG 2221 @!@!@
@!@!@STARTMSG 2221:0 @!@!@
  |||line 137, col 25 to line 137, col 31 of module MapReduce4: 651
@!@!@ENDMSG 2221 @!@!@
@!@!@STARTMSG 2221:0 @!@!@
  line 210, col 16 to line 210, col 60 of module MapReduce4: 0
@!@!@ENDMSG 2221 @!@!@
@!@!@STARTMSG 2221:0 @!@!@
  line 211, col 16 to line 211, col 72 of module MapReduce4: 0
@!@!@ENDMSG 2221 @!@!@
@!@!@STARTMSG 2772:0 @!@!@
<ReduceResult line 213, col 1 to line 213, col 12 of module MapReduce4>: 0:0
@!@!@ENDMSG 2772 @!@!@
@!@!@STARTMSG 2221:0 @!@!@
  line 213, col 20 to line 213, col 47 of module MapReduce4: 651
@!@!@ENDMSG 2221 @!@!@
@!@!@STARTMSG 2221:0 @!@!@
  line 217, col 42 to line 217, col 87 of module MapReduce4: 0
@!@!@ENDMSG 2221 @!@!@
@!@!@STARTMSG 2221:0 @!@!@
  line 218, col 42 to line 218, col 84 of module MapReduce4: 0
@!@!@ENDMSG 2221 @!@!@
@!@!@STARTMSG 2221:0 @!@!@
  line 219, col 37 to line 219, col 68 of module MapReduce4: 0
@!@!@ENDMSG 2221 @!@!@
@!@!@STARTMSG 2221:0 @!@!@
  line 222, col 44 to line 223, col 118 of module MapReduce4: 0
@!@!@ENDMSG 2221 @!@!@
@!@!@STARTMSG 2221:0 @!@!@
  line 224, col 44 to line 225, col 107 of module MapReduce4: 0
@!@!@ENDMSG 2221 @!@!@
@!@!@STARTMSG 2221:0 @!@!@
  line 226, col 44 to line 227, col 92 of module MapReduce4: 0
@!@!@ENDMSG 2221 @!@!@
@!@!@STARTMSG 2221:0 @!@!@
  line 228, col 44 to line 228, col 83 of module MapReduce4: 0
@!@!@ENDMSG 2221 @!@!@
@!@!@STARTMSG 2221:0 @!@!@
  line 229, col 31 to line 229, col 75 of module MapReduce4: 0
@!@!@ENDMSG 2221 @!@!@
@!@!@STARTMSG 2221:0 @!@!@
  line 230, col 31 to line 230, col 69 of module MapReduce4: 0
@!@!@ENDMSG 2221 @!@!@
@!@!@STARTMSG 2221:0 @!@!@
  line 231, col 31 to line 231, col 79 of module MapReduce4: 0
@!@!@ENDMSG 2221 @!@!@
@!@!@STARTMSG 2221:0 @!@!@
  line 232, col 20 to line 232, col 69 of module MapReduce4: 0
@!@!@ENDMSG 2221 @!@!@
@!@!@STARTMSG 2772:0 @!@!@
<Finish line 234, col 1 to line 234, col 6 of module MapReduce4>: 0:0
@!@!@ENDMSG 2772 @!@!@
@!@!@STARTMSG 2221:0 @!@!@
  line 234, col 14 to line 234, col 35 of module MapReduce4: 651
@!@!@ENDMSG 2221 @!@!@
@!@!@STARTMSG 2221:0 @!@!@
  line 237, col 14 to line 237, col 50 of module MapReduce4: 0
@!@!@ENDMSG 2221 @!@!@
@!@!@STARTMSG 2221:0 @!@!@
  line 238, col 14 to line 239, col 47 of module MapReduce4: 0
@!@!@ENDMSG 2221 @!@!@
@!@!@STARTMSG 2772:0 @!@!@
<FairWorker line 243, col 1 to line 243, col 16 of module MapReduce4>: 85:326
@!@!@ENDMSG 2772 @!@!@
@!@!@STARTMSG 2221:0 @!@!@
  line 243, col 24 to line 243, col 46 of module MapReduce4: 977
@!@!@ENDMSG 2221 @!@!@
@!@!@STARTMSG 2221:0 @!@!@
  |line 243, col 24 to line 243, col 31 of module MapReduce4: 651
@!@!@ENDMSG 2221 @!@!@
@!@!@STARTMSG 2221:0 @!@!@
  line 244, col 24 to line 248, col 72 of module MapReduce4: 326
@!@!@ENDMSG 2221 @!@!@
@!@!@STARTMSG 2221:0 @!@!@
  line 249, col 24 to line 249, col 58 of module MapReduce4: 326
@!@!@ENDMSG 2221 @!@!@
@!@!@STARTMSG 2221:0 @!@!@
  line 250, col 24 to line 250, col 58 of module MapReduce4: 326
@!@!@ENDMSG 2221 @!@!@
@!@!@STARTMSG 2221:0 @!@!@
  line 251, col 24 to line 251, col 65 of module MapReduce4: 326
@!@!@ENDMSG 2221 @!@!@
@!@!@STARTMSG 2221:0 @!@!@
  line 252, col 24 to line 253, col 50 of module MapReduce4: 326
@!@!@ENDMSG 2221 @!@!@
@!@!@STARTMSG 2772:0 @!@!@
<RegularWorker line 257, col 1 to line 257, col 19 of module MapReduce4>: 482:650
@!@!@ENDMSG 2772 @!@!@
@!@!@STARTMSG 2221:0 @!@!@
  line 257, col 27 to line 257, col 52 of module MapReduce4: 1949
@!@!@ENDMSG 2221 @!@!@
@!@!@STARTMSG 2221:0 @!@!@
  |line 257, col 27 to line 257, col 34 of module MapReduce4: 1299
@!@!@ENDMSG 2221 @!@!@
@!@!@STARTMSG 2221:0 @!@!@
  line 258, col 27 to line 262, col 75 of module MapReduce4: 650
@!@!@ENDMSG 2221 @!@!@
@!@!@STARTMSG 2221:0 @!@!@
  line 263, col 27 to line 263, col 61 of module MapReduce4: 650
@!@!@ENDMSG 2221 @!@!@
@!@!@STARTMSG 2221:0 @!@!@
  line 264, col 27 to line 264, col 61 of module MapReduce4: 650
@!@!@ENDMSG 2221 @!@!@
@!@!@STARTMSG 2221:0 @!@!@
  line 265, col 27 to line 265, col 68 of module MapReduce4: 650
@!@!@ENDMSG 2221 @!@!@
@!@!@STARTMSG 2221:0 @!@!@
  line 266, col 27 to line 267, col 53 of module MapReduce4: 650
@!@!@ENDMSG 2221 @!@!@
@!@!@STARTMSG 2772:0 @!@!@
<Terminating line 272, col 1 to line 272, col 11 of module MapReduce4>: 0:0
@!@!@ENDMSG 2772 @!@!@
@!@!@STARTMSG 2221:0 @!@!@
  line 272, col 19 to line 272, col 56 of module MapReduce4: 648
@!@!@ENDMSG 2221 @!@!@
@!@!@STARTMSG 2221:0 @!@!@
  line 273, col 19 to line 273, col 32 of module MapReduce4: 0
@!@!@ENDMSG 2221 @!@!@
@!@!@STARTMSG 2774:0 @!@!@
<TypeInvariant line 139, col 1 to line 139, col 13 of module MapReduce4>
@!@!@ENDMSG 2774 @!@!@
@!@!@STARTMSG 2221:0 @!@!@
  line 140, col 5 to line 150, col 42 of module MapReduce4: 648
@!@!@ENDMSG 2221 @!@!@
@!@!@STARTMSG 2221:0 @!@!@
  |line 140, col 8 to line 140, col 63 of module MapReduce4: 648
@!@!@ENDMSG 2221 @!@!@
@!@!@STARTMSG 2221:0 @!@!@
  |line 141, col 8 to line 150, col 42 of module MapReduce4: 648
@!@!@ENDMSG 2221 @!@!@
@!@!@STARTMSG 2221:0 @!@!@
  ||line 142, col 9 to line 150, col 42 of module MapReduce4: 1944
@!@!@ENDMSG 2221 @!@!@
@!@!@STARTMSG 2221:0 @!@!@
  ||line 141, col 17 to line 141, col 23 of module MapReduce4: 648
@!@!@ENDMSG 2221 @!@!@
@!@!@STARTMSG 2202:0 @!@!@
End of statistics.
@!@!@ENDMSG 2202 @!@!@
@!@!@STARTMSG 2200:0 @!@!@
Progress(4) at 2022-11-26 19:37:30: 1,053 states generated (11,923 s/min), 648 distinct states found (7,337 ds/min), 0 states left on queue.
@!@!@ENDMSG 2200 @!@!@
@!@!@STARTMSG 2199:0 @!@!@
1053 states generated, 648 distinct states found, 0 states left on queue.
@!@!@ENDMSG 2199 @!@!@
@!@!@STARTMSG 2186:0 @!@!@
Finished in 5306ms at (2022-11-26 19:37:30)
@!@!@ENDMSG 2186 @!@!@
