@!@!@STARTMSG 2262:0 @!@!@
TLC2 Version 2.16 of 31 December 2020 (rev: cdddf55)
@!@!@ENDMSG 2262 @!@!@
@!@!@STARTMSG 2187:0 @!@!@
Running breadth-first search Model-Checking with fp 108 and seed 2452665404335448403 with 6 workers on 12 cores with 1214MB heap and 2730MB offheap memory [pid: 29867] (Mac OS X 10.14.3 x86_64, AdoptOpenJDK 14.0.1 x86_64, OffHeapDiskFPSet, DiskStateQueue).
@!@!@ENDMSG 2187 @!@!@
@!@!@STARTMSG 2220:0 @!@!@
Starting SANY...
@!@!@ENDMSG 2220 @!@!@
Parsing file /Users/wengjialin/learn-space/tla+/MapReduce2.toolbox/Model_1/MC.tla
Parsing file /Users/wengjialin/learn-space/tla+/MapReduce2.toolbox/Model_1/MapReduce2.tla
Parsing file /private/var/folders/w1/mgb5yw_j7tncb87mwhbx6h940000gn/T/AppTranslocation/FFBC352A-5285-4C75-B81F-39A5D7ACB72A/d/TLA+ Toolbox.app/Contents/Eclipse/plugins/org.lamport.tlatools_1.0.0.202012311918/tla2sany/StandardModules/TLC.tla
Parsing file /private/var/folders/w1/mgb5yw_j7tncb87mwhbx6h940000gn/T/AppTranslocation/FFBC352A-5285-4C75-B81F-39A5D7ACB72A/d/TLA+ Toolbox.app/Contents/Eclipse/plugins/org.lamport.tlatools_1.0.0.202012311918/tla2sany/StandardModules/Integers.tla
Parsing file /private/var/folders/w1/mgb5yw_j7tncb87mwhbx6h940000gn/T/AppTranslocation/FFBC352A-5285-4C75-B81F-39A5D7ACB72A/d/TLA+ Toolbox.app/Contents/Eclipse/plugins/org.lamport.tlatools_1.0.0.202012311918/tla2sany/StandardModules/Sequences.tla
Parsing file /private/var/folders/w1/mgb5yw_j7tncb87mwhbx6h940000gn/T/AppTranslocation/FFBC352A-5285-4C75-B81F-39A5D7ACB72A/d/TLA+ Toolbox.app/Contents/Eclipse/plugins/org.lamport.tlatools_1.0.0.202012311918/tla2sany/StandardModules/FiniteSets.tla
Parsing file /private/var/folders/w1/mgb5yw_j7tncb87mwhbx6h940000gn/T/AppTranslocation/FFBC352A-5285-4C75-B81F-39A5D7ACB72A/d/TLA+ Toolbox.app/Contents/Eclipse/plugins/org.lamport.tlatools_1.0.0.202012311918/tla2sany/StandardModules/Naturals.tla
Parsing file /Users/wengjialin/learn-space/tla+/MapReduce2.toolbox/Model_1/PT.tla
Semantic processing of module Naturals
Semantic processing of module Integers
Semantic processing of module Sequences
Semantic processing of module FiniteSets
Semantic processing of module TLC
Semantic processing of module PT
Semantic processing of module MapReduce2
Semantic processing of module MC
@!@!@STARTMSG 2219:0 @!@!@
SANY finished.
@!@!@ENDMSG 2219 @!@!@
@!@!@STARTMSG 2185:0 @!@!@
Starting... (2022-11-20 23:14:04)
@!@!@ENDMSG 2185 @!@!@
@!@!@STARTMSG 2212:0 @!@!@
Implied-temporal checking--satisfiability problem has 1 branches.
@!@!@ENDMSG 2212 @!@!@
@!@!@STARTMSG 2189:0 @!@!@
Computing initial states...
@!@!@ENDMSG 2189 @!@!@
@!@!@STARTMSG 2269:0 @!@!@
Computed 2 initial states...
@!@!@ENDMSG 2269 @!@!@
@!@!@STARTMSG 2269:0 @!@!@
Computed 4 initial states...
@!@!@ENDMSG 2269 @!@!@
@!@!@STARTMSG 2269:0 @!@!@
Computed 8 initial states...
@!@!@ENDMSG 2269 @!@!@
@!@!@STARTMSG 2269:0 @!@!@
Computed 16 initial states...
@!@!@ENDMSG 2269 @!@!@
@!@!@STARTMSG 2269:0 @!@!@
Computed 32 initial states...
@!@!@ENDMSG 2269 @!@!@
@!@!@STARTMSG 2269:0 @!@!@
Computed 64 initial states...
@!@!@ENDMSG 2269 @!@!@
@!@!@STARTMSG 2190:0 @!@!@
Finished computing initial states: 81 distinct states generated at 2022-11-20 23:14:05.
@!@!@ENDMSG 2190 @!@!@
@!@!@STARTMSG 2132:1 @!@!@
The first argument of Assert evaluated to FALSE; the second argument was:
"Failure of assertion at line 89, column 9."
@!@!@ENDMSG 2132 @!@!@
@!@!@STARTMSG 2121:1 @!@!@
The behavior up to this point is:
@!@!@ENDMSG 2121 @!@!@
@!@!@STARTMSG 2217:4 @!@!@
1: <Initial predicate>
/\ final = 0
/\ pc = (w1 :> "FairWorker" @@ w2 :> "RegularWorker" @@ Reducer :> "Schedule")
/\ consumed = (w1 :> FALSE @@ w2 :> FALSE)
/\ assignments = (w1 :> <<>> @@ w2 :> <<>>)
/\ input = <<0, 0, 0, 2>>
/\ count = (w1 :> 0 @@ w2 :> 0 @@ Reducer :> 0)
/\ queue = (w1 :> <<>> @@ w2 :> <<>>)
/\ result = ( w1 :> [total |-> NULL, count |-> NULL] @@
  w2 :> [total |-> NULL, count |-> NULL] )
/\ total = (w1 :> 0 @@ w2 :> 0 @@ Reducer :> 0)
/\ stack = (w1 :> <<>> @@ w2 :> <<>> @@ Reducer :> <<>>)

@!@!@ENDMSG 2217 @!@!@
@!@!@STARTMSG 2217:4 @!@!@
2: <Schedule line 153, col 13 to line 163, col 39 of module MapReduce2>
/\ final = 0
/\ pc = (w1 :> "FairWorker" @@ w2 :> "RegularWorker" @@ Reducer :> "ReduceResult")
/\ consumed = (w1 :> FALSE @@ w2 :> FALSE)
/\ assignments = (w1 :> <<2, 0>> @@ w2 :> <<0, 0>>)
/\ input = <<0, 0, 0, 2>>
/\ count = (w1 :> 0 @@ w2 :> 0 @@ Reducer :> 0)
/\ queue = (w1 :> <<2, 0>> @@ w2 :> <<0, 0>>)
/\ result = ( w1 :> [total |-> NULL, count |-> NULL] @@
  w2 :> [total |-> NULL, count |-> NULL] )
/\ total = (w1 :> 0 @@ w2 :> 0 @@ Reducer :> 0)
/\ stack = (w1 :> <<>> @@ w2 :> <<>> @@ Reducer :> <<>>)

@!@!@ENDMSG 2217 @!@!@
@!@!@STARTMSG 2217:4 @!@!@
3: <FairWorker line 197, col 21 to line 207, col 50 of module MapReduce2>
/\ final = 0
/\ pc = (w1 :> "WaitForQueue" @@ w2 :> "RegularWorker" @@ Reducer :> "ReduceResult")
/\ consumed = (w1 :> FALSE @@ w2 :> FALSE)
/\ assignments = (w1 :> <<2, 0>> @@ w2 :> <<0, 0>>)
/\ input = <<0, 0, 0, 2>>
/\ count = (w1 :> 0 @@ w2 :> 0 @@ Reducer :> 0)
/\ queue = (w1 :> <<2, 0>> @@ w2 :> <<0, 0>>)
/\ result = ( w1 :> [total |-> NULL, count |-> NULL] @@
  w2 :> [total |-> NULL, count |-> NULL] )
/\ total = (w1 :> 0 @@ w2 :> 0 @@ Reducer :> 0)
/\ stack = ( w1 :> <<[pc |-> "Done", total |-> 0, count |-> 0, procedure |-> "work"]>> @@
  w2 :> <<>> @@
  Reducer :> <<>> )

@!@!@ENDMSG 2217 @!@!@
@!@!@STARTMSG 2217:4 @!@!@
4: <WaitForQueue line 128, col 23 to line 132, col 76 of module MapReduce2>
/\ final = 0
/\ pc = (w1 :> "Process" @@ w2 :> "RegularWorker" @@ Reducer :> "ReduceResult")
/\ consumed = (w1 :> FALSE @@ w2 :> FALSE)
/\ assignments = (w1 :> <<2, 0>> @@ w2 :> <<0, 0>>)
/\ input = <<0, 0, 0, 2>>
/\ count = (w1 :> 0 @@ w2 :> 0 @@ Reducer :> 0)
/\ queue = (w1 :> <<2, 0>> @@ w2 :> <<0, 0>>)
/\ result = ( w1 :> [total |-> NULL, count |-> NULL] @@
  w2 :> [total |-> NULL, count |-> NULL] )
/\ total = (w1 :> 0 @@ w2 :> 0 @@ Reducer :> 0)
/\ stack = ( w1 :> <<[pc |-> "Done", total |-> 0, count |-> 0, procedure |-> "work"]>> @@
  w2 :> <<>> @@
  Reducer :> <<>> )

@!@!@ENDMSG 2217 @!@!@
@!@!@STARTMSG 2217:4 @!@!@
5: <Process line 134, col 18 to line 143, col 47 of module MapReduce2>
/\ final = 0
/\ pc = (w1 :> "Process" @@ w2 :> "RegularWorker" @@ Reducer :> "ReduceResult")
/\ consumed = (w1 :> FALSE @@ w2 :> FALSE)
/\ assignments = (w1 :> <<2, 0>> @@ w2 :> <<0, 0>>)
/\ input = <<0, 0, 0, 2>>
/\ count = (w1 :> 1 @@ w2 :> 0 @@ Reducer :> 0)
/\ queue = (w1 :> <<0>> @@ w2 :> <<0, 0>>)
/\ result = ( w1 :> [total |-> NULL, count |-> NULL] @@
  w2 :> [total |-> NULL, count |-> NULL] )
/\ total = (w1 :> 2 @@ w2 :> 0 @@ Reducer :> 0)
/\ stack = ( w1 :> <<[pc |-> "Done", total |-> 0, count |-> 0, procedure |-> "work"]>> @@
  w2 :> <<>> @@
  Reducer :> <<>> )

@!@!@ENDMSG 2217 @!@!@
@!@!@STARTMSG 2217:4 @!@!@
6: <Process line 134, col 18 to line 143, col 47 of module MapReduce2>
/\ final = 0
/\ pc = (w1 :> "Process" @@ w2 :> "RegularWorker" @@ Reducer :> "ReduceResult")
/\ consumed = (w1 :> FALSE @@ w2 :> FALSE)
/\ assignments = (w1 :> <<2, 0>> @@ w2 :> <<0, 0>>)
/\ input = <<0, 0, 0, 2>>
/\ count = (w1 :> 2 @@ w2 :> 0 @@ Reducer :> 0)
/\ queue = (w1 :> <<>> @@ w2 :> <<0, 0>>)
/\ result = ( w1 :> [total |-> NULL, count |-> NULL] @@
  w2 :> [total |-> NULL, count |-> NULL] )
/\ total = (w1 :> 2 @@ w2 :> 0 @@ Reducer :> 0)
/\ stack = ( w1 :> <<[pc |-> "Done", total |-> 0, count |-> 0, procedure |-> "work"]>> @@
  w2 :> <<>> @@
  Reducer :> <<>> )

@!@!@ENDMSG 2217 @!@!@
@!@!@STARTMSG 2217:4 @!@!@
7: <Process line 134, col 18 to line 143, col 47 of module MapReduce2>
/\ final = 0
/\ pc = (w1 :> "Result" @@ w2 :> "RegularWorker" @@ Reducer :> "ReduceResult")
/\ consumed = (w1 :> FALSE @@ w2 :> FALSE)
/\ assignments = (w1 :> <<2, 0>> @@ w2 :> <<0, 0>>)
/\ input = <<0, 0, 0, 2>>
/\ count = (w1 :> 2 @@ w2 :> 0 @@ Reducer :> 0)
/\ queue = (w1 :> <<>> @@ w2 :> <<0, 0>>)
/\ result = ( w1 :> [total |-> NULL, count |-> NULL] @@
  w2 :> [total |-> NULL, count |-> NULL] )
/\ total = (w1 :> 2 @@ w2 :> 0 @@ Reducer :> 0)
/\ stack = ( w1 :> <<[pc |-> "Done", total |-> 0, count |-> 0, procedure |-> "work"]>> @@
  w2 :> <<>> @@
  Reducer :> <<>> )

@!@!@ENDMSG 2217 @!@!@
@!@!@STARTMSG 2217:4 @!@!@
8: <Result line 145, col 17 to line 149, col 56 of module MapReduce2>
/\ final = 0
/\ pc = (w1 :> "WaitForQueue" @@ w2 :> "RegularWorker" @@ Reducer :> "ReduceResult")
/\ consumed = (w1 :> FALSE @@ w2 :> FALSE)
/\ assignments = (w1 :> <<2, 0>> @@ w2 :> <<0, 0>>)
/\ input = <<0, 0, 0, 2>>
/\ count = (w1 :> 2 @@ w2 :> 0 @@ Reducer :> 0)
/\ queue = (w1 :> <<>> @@ w2 :> <<0, 0>>)
/\ result = (w1 :> [total |-> 2, count |-> 2] @@ w2 :> [total |-> NULL, count |-> NULL])
/\ total = (w1 :> 2 @@ w2 :> 0 @@ Reducer :> 0)
/\ stack = ( w1 :> <<[pc |-> "Done", total |-> 0, count |-> 0, procedure |-> "work"]>> @@
  w2 :> <<>> @@
  Reducer :> <<>> )

@!@!@ENDMSG 2217 @!@!@
@!@!@STARTMSG 2217:4 @!@!@
9: <ReduceResult line 165, col 17 to line 186, col 69 of module MapReduce2>
/\ final = 2
/\ pc = (w1 :> "WaitForQueue" @@ w2 :> "RegularWorker" @@ Reducer :> "ReduceResult")
/\ consumed = (w1 :> TRUE @@ w2 :> FALSE)
/\ assignments = (w1 :> <<2, 0>> @@ w2 :> <<0, 0>>)
/\ input = <<0, 0, 0, 2>>
/\ count = (w1 :> 2 @@ w2 :> 0 @@ Reducer :> 0)
/\ queue = (w1 :> <<>> @@ w2 :> <<0, 0>>)
/\ result = (w1 :> [total |-> 2, count |-> 2] @@ w2 :> [total |-> NULL, count |-> NULL])
/\ total = (w1 :> 2 @@ w2 :> 0 @@ Reducer :> 0)
/\ stack = ( w1 :> <<[pc |-> "Done", total |-> 0, count |-> 0, procedure |-> "work"]>> @@
  w2 :> <<>> @@
  Reducer :> <<>> )

@!@!@ENDMSG 2217 @!@!@
@!@!@STARTMSG 2217:4 @!@!@
10: <ReduceResult line 165, col 17 to line 186, col 69 of module MapReduce2>
/\ final = 2
/\ pc = (w1 :> "WaitForQueue" @@ w2 :> "RegularWorker" @@ Reducer :> "ReduceResult")
/\ consumed = (w1 :> FALSE @@ w2 :> TRUE)
/\ assignments = (w1 :> <<2, 0, 0, 0>> @@ w2 :> <<0, 0>>)
/\ input = <<0, 0, 0, 2>>
/\ count = (w1 :> 2 @@ w2 :> 0 @@ Reducer :> 0)
/\ queue = (w1 :> <<0, 0>> @@ w2 :> <<0, 0>>)
/\ result = (w1 :> [total |-> 2, count |-> 2] @@ w2 :> [total |-> NULL, count |-> NULL])
/\ total = (w1 :> 2 @@ w2 :> 0 @@ Reducer :> 0)
/\ stack = ( w1 :> <<[pc |-> "Done", total |-> 0, count |-> 0, procedure |-> "work"]>> @@
  w2 :> <<>> @@
  Reducer :> <<>> )

@!@!@ENDMSG 2217 @!@!@
@!@!@STARTMSG 2217:4 @!@!@
11: <WaitForQueue line 128, col 23 to line 132, col 76 of module MapReduce2>
/\ final = 2
/\ pc = (w1 :> "Process" @@ w2 :> "RegularWorker" @@ Reducer :> "ReduceResult")
/\ consumed = (w1 :> FALSE @@ w2 :> TRUE)
/\ assignments = (w1 :> <<2, 0, 0, 0>> @@ w2 :> <<0, 0>>)
/\ input = <<0, 0, 0, 2>>
/\ count = (w1 :> 2 @@ w2 :> 0 @@ Reducer :> 0)
/\ queue = (w1 :> <<0, 0>> @@ w2 :> <<0, 0>>)
/\ result = (w1 :> [total |-> 2, count |-> 2] @@ w2 :> [total |-> NULL, count |-> NULL])
/\ total = (w1 :> 2 @@ w2 :> 0 @@ Reducer :> 0)
/\ stack = ( w1 :> <<[pc |-> "Done", total |-> 0, count |-> 0, procedure |-> "work"]>> @@
  w2 :> <<>> @@
  Reducer :> <<>> )

@!@!@ENDMSG 2217 @!@!@
@!@!@STARTMSG 2217:4 @!@!@
12: <Process line 134, col 18 to line 143, col 47 of module MapReduce2>
/\ final = 2
/\ pc = (w1 :> "Process" @@ w2 :> "RegularWorker" @@ Reducer :> "ReduceResult")
/\ consumed = (w1 :> FALSE @@ w2 :> TRUE)
/\ assignments = (w1 :> <<2, 0, 0, 0>> @@ w2 :> <<0, 0>>)
/\ input = <<0, 0, 0, 2>>
/\ count = (w1 :> 3 @@ w2 :> 0 @@ Reducer :> 0)
/\ queue = (w1 :> <<0>> @@ w2 :> <<0, 0>>)
/\ result = (w1 :> [total |-> 2, count |-> 2] @@ w2 :> [total |-> NULL, count |-> NULL])
/\ total = (w1 :> 2 @@ w2 :> 0 @@ Reducer :> 0)
/\ stack = ( w1 :> <<[pc |-> "Done", total |-> 0, count |-> 0, procedure |-> "work"]>> @@
  w2 :> <<>> @@
  Reducer :> <<>> )

@!@!@ENDMSG 2217 @!@!@
@!@!@STARTMSG 2217:4 @!@!@
13: <Process line 134, col 18 to line 143, col 47 of module MapReduce2>
/\ final = 2
/\ pc = (w1 :> "Process" @@ w2 :> "RegularWorker" @@ Reducer :> "ReduceResult")
/\ consumed = (w1 :> FALSE @@ w2 :> TRUE)
/\ assignments = (w1 :> <<2, 0, 0, 0>> @@ w2 :> <<0, 0>>)
/\ input = <<0, 0, 0, 2>>
/\ count = (w1 :> 4 @@ w2 :> 0 @@ Reducer :> 0)
/\ queue = (w1 :> <<>> @@ w2 :> <<0, 0>>)
/\ result = (w1 :> [total |-> 2, count |-> 2] @@ w2 :> [total |-> NULL, count |-> NULL])
/\ total = (w1 :> 2 @@ w2 :> 0 @@ Reducer :> 0)
/\ stack = ( w1 :> <<[pc |-> "Done", total |-> 0, count |-> 0, procedure |-> "work"]>> @@
  w2 :> <<>> @@
  Reducer :> <<>> )

@!@!@ENDMSG 2217 @!@!@
@!@!@STARTMSG 2217:4 @!@!@
14: <Process line 134, col 18 to line 143, col 47 of module MapReduce2>
/\ final = 2
/\ pc = (w1 :> "Result" @@ w2 :> "RegularWorker" @@ Reducer :> "ReduceResult")
/\ consumed = (w1 :> FALSE @@ w2 :> TRUE)
/\ assignments = (w1 :> <<2, 0, 0, 0>> @@ w2 :> <<0, 0>>)
/\ input = <<0, 0, 0, 2>>
/\ count = (w1 :> 4 @@ w2 :> 0 @@ Reducer :> 0)
/\ queue = (w1 :> <<>> @@ w2 :> <<0, 0>>)
/\ result = (w1 :> [total |-> 2, count |-> 2] @@ w2 :> [total |-> NULL, count |-> NULL])
/\ total = (w1 :> 2 @@ w2 :> 0 @@ Reducer :> 0)
/\ stack = ( w1 :> <<[pc |-> "Done", total |-> 0, count |-> 0, procedure |-> "work"]>> @@
  w2 :> <<>> @@
  Reducer :> <<>> )

@!@!@ENDMSG 2217 @!@!@
@!@!@STARTMSG 2217:4 @!@!@
15: <Result line 145, col 17 to line 149, col 56 of module MapReduce2>
/\ final = 2
/\ pc = (w1 :> "WaitForQueue" @@ w2 :> "RegularWorker" @@ Reducer :> "ReduceResult")
/\ consumed = (w1 :> FALSE @@ w2 :> TRUE)
/\ assignments = (w1 :> <<2, 0, 0, 0>> @@ w2 :> <<0, 0>>)
/\ input = <<0, 0, 0, 2>>
/\ count = (w1 :> 4 @@ w2 :> 0 @@ Reducer :> 0)
/\ queue = (w1 :> <<>> @@ w2 :> <<0, 0>>)
/\ result = (w1 :> [total |-> 2, count |-> 4] @@ w2 :> [total |-> NULL, count |-> NULL])
/\ total = (w1 :> 2 @@ w2 :> 0 @@ Reducer :> 0)
/\ stack = ( w1 :> <<[pc |-> "Done", total |-> 0, count |-> 0, procedure |-> "work"]>> @@
  w2 :> <<>> @@
  Reducer :> <<>> )

@!@!@ENDMSG 2217 @!@!@
@!@!@STARTMSG 2217:4 @!@!@
16: <ReduceResult line 165, col 17 to line 186, col 69 of module MapReduce2>
/\ final = 4
/\ pc = (w1 :> "WaitForQueue" @@ w2 :> "RegularWorker" @@ Reducer :> "ReduceResult")
/\ consumed = (w1 :> TRUE @@ w2 :> TRUE)
/\ assignments = (w1 :> <<2, 0, 0, 0>> @@ w2 :> <<0, 0>>)
/\ input = <<0, 0, 0, 2>>
/\ count = (w1 :> 4 @@ w2 :> 0 @@ Reducer :> 0)
/\ queue = (w1 :> <<>> @@ w2 :> <<0, 0>>)
/\ result = (w1 :> [total |-> 2, count |-> 4] @@ w2 :> [total |-> NULL, count |-> NULL])
/\ total = (w1 :> 2 @@ w2 :> 0 @@ Reducer :> 0)
/\ stack = ( w1 :> <<[pc |-> "Done", total |-> 0, count |-> 0, procedure |-> "work"]>> @@
  w2 :> <<>> @@
  Reducer :> <<>> )

@!@!@ENDMSG 2217 @!@!@
@!@!@STARTMSG 2217:4 @!@!@
17: <ReduceResult line 165, col 17 to line 186, col 69 of module MapReduce2>
/\ final = 4
/\ pc = (w1 :> "WaitForQueue" @@ w2 :> "RegularWorker" @@ Reducer :> "Finish")
/\ consumed = (w1 :> TRUE @@ w2 :> TRUE)
/\ assignments = (w1 :> <<2, 0, 0, 0>> @@ w2 :> <<0, 0>>)
/\ input = <<0, 0, 0, 2>>
/\ count = (w1 :> 4 @@ w2 :> 0 @@ Reducer :> 0)
/\ queue = (w1 :> <<>> @@ w2 :> <<0, 0>>)
/\ result = (w1 :> [total |-> 2, count |-> 4] @@ w2 :> [total |-> NULL, count |-> NULL])
/\ total = (w1 :> 2 @@ w2 :> 0 @@ Reducer :> 0)
/\ stack = ( w1 :> <<[pc |-> "Done", total |-> 0, count |-> 0, procedure |-> "work"]>> @@
  w2 :> <<>> @@
  Reducer :> <<>> )

@!@!@ENDMSG 2217 @!@!@
@!@!@STARTMSG 2103:1 @!@!@
The error occurred when TLC was evaluating the nested
expressions at the following positions:
0. Line 188, column 11 to line 193, column 50 in MapReduce2
1. Line 188, column 14 to line 188, column 35 in MapReduce2
2. Line 189, column 14 to line 190, column 65 in MapReduce2


@!@!@ENDMSG 2103 @!@!@
@!@!@STARTMSG 2201:0 @!@!@
The coverage statistics at 2022-11-20 23:14:07
@!@!@ENDMSG 2201 @!@!@
@!@!@STARTMSG 2773:0 @!@!@
<Init line 112, col 1 to line 112, col 4 of module MapReduce2>: 162:162
@!@!@ENDMSG 2773 @!@!@
@!@!@STARTMSG 2221:0 @!@!@
  line 113, col 12 to line 113, col 35 of module MapReduce2: 2
@!@!@ENDMSG 2221 @!@!@
@!@!@STARTMSG 2221:0 @!@!@
  line 114, col 12 to line 114, col 72 of module MapReduce2: 162
@!@!@ENDMSG 2221 @!@!@
@!@!@STARTMSG 2221:0 @!@!@
  line 115, col 12 to line 115, col 43 of module MapReduce2: 162
@!@!@ENDMSG 2221 @!@!@
@!@!@STARTMSG 2221:0 @!@!@
  line 117, col 12 to line 117, col 44 of module MapReduce2: 162
@!@!@ENDMSG 2221 @!@!@
@!@!@STARTMSG 2221:0 @!@!@
  line 118, col 12 to line 118, col 44 of module MapReduce2: 162
@!@!@ENDMSG 2221 @!@!@
@!@!@STARTMSG 2221:0 @!@!@
  line 121, col 12 to line 121, col 47 of module MapReduce2: 162
@!@!@ENDMSG 2221 @!@!@
@!@!@STARTMSG 2221:0 @!@!@
  line 122, col 12 to line 122, col 49 of module MapReduce2: 162
@!@!@ENDMSG 2221 @!@!@
@!@!@STARTMSG 2221:0 @!@!@
  line 123, col 12 to line 123, col 47 of module MapReduce2: 162
@!@!@ENDMSG 2221 @!@!@
@!@!@STARTMSG 2221:0 @!@!@
  line 124, col 12 to line 126, col 85 of module MapReduce2: 162
@!@!@ENDMSG 2221 @!@!@
@!@!@STARTMSG 2772:0 @!@!@
<WaitForQueue line 128, col 1 to line 128, col 18 of module MapReduce2>: 2945:4831
@!@!@ENDMSG 2772 @!@!@
@!@!@STARTMSG 2221:0 @!@!@
  line 128, col 26 to line 128, col 50 of module MapReduce2: 54443
@!@!@ENDMSG 2221 @!@!@
@!@!@STARTMSG 2221:0 @!@!@
  |line 128, col 26 to line 128, col 33 of module MapReduce2: 49612
@!@!@ENDMSG 2221 @!@!@
@!@!@STARTMSG 2221:0 @!@!@
  line 129, col 26 to line 129, col 44 of module MapReduce2: 15299
@!@!@ENDMSG 2221 @!@!@
@!@!@STARTMSG 2221:0 @!@!@
  |line 129, col 26 to line 129, col 36 of module MapReduce2: 10468
@!@!@ENDMSG 2221 @!@!@
@!@!@STARTMSG 2221:0 @!@!@
  |line 129, col 41 to line 129, col 44 of module MapReduce2: 10468
@!@!@ENDMSG 2221 @!@!@
@!@!@STARTMSG 2221:0 @!@!@
  line 130, col 26 to line 130, col 62 of module MapReduce2: 4831
@!@!@ENDMSG 2221 @!@!@
@!@!@STARTMSG 2221:0 @!@!@
  line 131, col 26 to line 132, col 76 of module MapReduce2: 4831
@!@!@ENDMSG 2221 @!@!@
@!@!@STARTMSG 2772:0 @!@!@
<Process line 134, col 1 to line 134, col 13 of module MapReduce2>: 8034:14254
@!@!@ENDMSG 2772 @!@!@
@!@!@STARTMSG 2221:0 @!@!@
  line 134, col 21 to line 134, col 40 of module MapReduce2: 63864
@!@!@ENDMSG 2221 @!@!@
@!@!@STARTMSG 2221:0 @!@!@
  |line 134, col 21 to line 134, col 28 of module MapReduce2: 49610
@!@!@ENDMSG 2221 @!@!@
@!@!@STARTMSG 2221:0 @!@!@
  line 135, col 24 to line 135, col 42 of module MapReduce2: 14254
@!@!@ENDMSG 2221 @!@!@
@!@!@STARTMSG 2221:0 @!@!@
  line 136, col 29 to line 139, col 68 of module MapReduce2: 10229
@!@!@ENDMSG 2221 @!@!@
@!@!@STARTMSG 2221:0 @!@!@
  line 140, col 32 to line 140, col 67 of module MapReduce2: 4025
@!@!@ENDMSG 2221 @!@!@
@!@!@STARTMSG 2221:0 @!@!@
  line 141, col 32 to line 141, col 66 of module MapReduce2: 4025
@!@!@ENDMSG 2221 @!@!@
@!@!@STARTMSG 2221:0 @!@!@
  line 142, col 21 to line 143, col 47 of module MapReduce2: 14254
@!@!@ENDMSG 2221 @!@!@
@!@!@STARTMSG 2772:0 @!@!@
<Result line 145, col 1 to line 145, col 12 of module MapReduce2>: 2231:4205
@!@!@ENDMSG 2772 @!@!@
@!@!@STARTMSG 2221:0 @!@!@
  line 145, col 20 to line 145, col 38 of module MapReduce2: 53809
@!@!@ENDMSG 2221 @!@!@
@!@!@STARTMSG 2221:0 @!@!@
  |line 145, col 20 to line 145, col 27 of module MapReduce2: 49604
@!@!@ENDMSG 2221 @!@!@
@!@!@STARTMSG 2221:0 @!@!@
  line 146, col 20 to line 146, col 101 of module MapReduce2: 4205
@!@!@ENDMSG 2221 @!@!@
@!@!@STARTMSG 2221:0 @!@!@
  line 147, col 20 to line 147, col 61 of module MapReduce2: 4205
@!@!@ENDMSG 2221 @!@!@
@!@!@STARTMSG 2221:0 @!@!@
  line 148, col 20 to line 149, col 56 of module MapReduce2: 4205
@!@!@ENDMSG 2221 @!@!@
@!@!@STARTMSG 2772:0 @!@!@
<Schedule line 153, col 1 to line 153, col 8 of module MapReduce2>: 81:325
@!@!@ENDMSG 2772 @!@!@
@!@!@STARTMSG 2221:0 @!@!@
  line 153, col 16 to line 153, col 39 of module MapReduce2: 16881
@!@!@ENDMSG 2221 @!@!@
@!@!@STARTMSG 2221:0 @!@!@
  |line 153, col 16 to line 153, col 26 of module MapReduce2: 16556
@!@!@ENDMSG 2221 @!@!@
@!@!@STARTMSG 2221:0 @!@!@
  line 155, col 18 to line 160, col 41 of module MapReduce2: 325
@!@!@ENDMSG 2221 @!@!@
@!@!@STARTMSG 2221:0 @!@!@
  line 161, col 16 to line 161, col 60 of module MapReduce2: 325
@!@!@ENDMSG 2221 @!@!@
@!@!@STARTMSG 2221:0 @!@!@
  line 162, col 16 to line 163, col 39 of module MapReduce2: 325
@!@!@ENDMSG 2221 @!@!@
@!@!@STARTMSG 2772:0 @!@!@
<ReduceResult line 165, col 1 to line 165, col 12 of module MapReduce2>: 1800:6411
@!@!@ENDMSG 2772 @!@!@
@!@!@STARTMSG 2221:0 @!@!@
  line 165, col 20 to line 165, col 47 of module MapReduce2: 22398
@!@!@ENDMSG 2221 @!@!@
@!@!@STARTMSG 2221:0 @!@!@
  |line 165, col 20 to line 165, col 30 of module MapReduce2: 16555
@!@!@ENDMSG 2221 @!@!@
@!@!@STARTMSG 2221:0 @!@!@
  line 166, col 23 to line 166, col 52 of module MapReduce2: 15631
@!@!@ENDMSG 2221 @!@!@
@!@!@STARTMSG 2221:0 @!@!@
  |line 166, col 41 to line 166, col 52 of module MapReduce2: 16772
@!@!@ENDMSG 2221 @!@!@
@!@!@STARTMSG 2221:0 @!@!@
  |line 166, col 32 to line 166, col 38 of module MapReduce2: 15631
@!@!@ENDMSG 2221 @!@!@
@!@!@STARTMSG 2221:0 @!@!@
  line 169, col 39 to line 170, col 82 of module MapReduce2: 1942
@!@!@ENDMSG 2221 @!@!@
@!@!@STARTMSG 2775:0 @!@!@
  line 167, col 49 to line 168, col 99 of module MapReduce2: 15058:17000
@!@!@ENDMSG 2775 @!@!@
@!@!@STARTMSG 2221:0 @!@!@
  |line 168, col 46 to line 168, col 98 of module MapReduce2: 30116
@!@!@ENDMSG 2221 @!@!@
@!@!@STARTMSG 2221:0 @!@!@
  ||line 168, col 46 to line 168, col 57 of module MapReduce2: 30116
@!@!@ENDMSG 2221 @!@!@
@!@!@STARTMSG 2221:0 @!@!@
  ||line 168, col 62 to line 168, col 98 of module MapReduce2: 19034
@!@!@ENDMSG 2221 @!@!@
@!@!@STARTMSG 2221:0 @!@!@
  |line 167, col 56 to line 167, col 62 of module MapReduce2: 15058
@!@!@ENDMSG 2221 @!@!@
@!@!@STARTMSG 2221:0 @!@!@
  line 171, col 37 to line 171, col 68 of module MapReduce2: 1942
@!@!@ENDMSG 2221 @!@!@
@!@!@STARTMSG 2221:0 @!@!@
  line 175, col 39 to line 181, col 93 of module MapReduce2: 3896
@!@!@ENDMSG 2221 @!@!@
@!@!@STARTMSG 2775:0 @!@!@
  line 172, col 72 to line 174, col 56 of module MapReduce2: 15058:18954
@!@!@ENDMSG 2775 @!@!@
@!@!@STARTMSG 2221:0 @!@!@
  |line 173, col 60 to line 173, col 113 of module MapReduce2: 15058
@!@!@ENDMSG 2221 @!@!@
@!@!@STARTMSG 2221:0 @!@!@
  ||line 173, col 60 to line 173, col 71 of module MapReduce2: 15058
@!@!@ENDMSG 2221 @!@!@
@!@!@STARTMSG 2221:0 @!@!@
  ||line 173, col 76 to line 173, col 113 of module MapReduce2: 4544
@!@!@ENDMSG 2221 @!@!@
@!@!@STARTMSG 2221:0 @!@!@
  |line 172, col 79 to line 172, col 91 of module MapReduce2: 15058
@!@!@ENDMSG 2221 @!@!@
@!@!@STARTMSG 2221:0 @!@!@
  line 182, col 37 to line 182, col 50 of module MapReduce2: 3896
@!@!@ENDMSG 2221 @!@!@
@!@!@STARTMSG 2221:0 @!@!@
  line 183, col 31 to line 183, col 75 of module MapReduce2: 5838
@!@!@ENDMSG 2221 @!@!@
@!@!@STARTMSG 2221:0 @!@!@
  line 184, col 31 to line 184, col 69 of module MapReduce2: 573
@!@!@ENDMSG 2221 @!@!@
@!@!@STARTMSG 2221:0 @!@!@
  line 185, col 31 to line 185, col 81 of module MapReduce2: 573
@!@!@ENDMSG 2221 @!@!@
@!@!@STARTMSG 2221:0 @!@!@
  line 186, col 20 to line 186, col 69 of module MapReduce2: 6411
@!@!@ENDMSG 2221 @!@!@
@!@!@STARTMSG 2772:0 @!@!@
<Finish line 188, col 1 to line 188, col 6 of module MapReduce2>: 146:341
@!@!@ENDMSG 2772 @!@!@
@!@!@STARTMSG 2221:0 @!@!@
  line 188, col 14 to line 188, col 35 of module MapReduce2: 16892
@!@!@ENDMSG 2221 @!@!@
@!@!@STARTMSG 2221:0 @!@!@
  |line 188, col 14 to line 188, col 24 of module MapReduce2: 16551
@!@!@ENDMSG 2221 @!@!@
@!@!@STARTMSG 2221:0 @!@!@
  line 189, col 14 to line 190, col 65 of module MapReduce2: 341
@!@!@ENDMSG 2221 @!@!@
@!@!@STARTMSG 2221:0 @!@!@
  |line 189, col 21 to line 189, col 41 of module MapReduce2: 348
@!@!@ENDMSG 2221 @!@!@
@!@!@STARTMSG 2221:0 @!@!@
  line 191, col 14 to line 191, col 50 of module MapReduce2: 341
@!@!@ENDMSG 2221 @!@!@
@!@!@STARTMSG 2221:0 @!@!@
  line 192, col 14 to line 193, col 50 of module MapReduce2: 341
@!@!@ENDMSG 2221 @!@!@
@!@!@STARTMSG 2772:0 @!@!@
<FairWorker line 197, col 1 to line 197, col 16 of module MapReduce2>: 547:1378
@!@!@ENDMSG 2772 @!@!@
@!@!@STARTMSG 2221:0 @!@!@
  line 197, col 24 to line 197, col 46 of module MapReduce2: 17912
@!@!@ENDMSG 2221 @!@!@
@!@!@STARTMSG 2221:0 @!@!@
  |line 197, col 24 to line 197, col 31 of module MapReduce2: 16534
@!@!@ENDMSG 2221 @!@!@
@!@!@STARTMSG 2221:0 @!@!@
  line 198, col 24 to line 202, col 72 of module MapReduce2: 1378
@!@!@ENDMSG 2221 @!@!@
@!@!@STARTMSG 2221:0 @!@!@
  line 203, col 24 to line 203, col 58 of module MapReduce2: 1378
@!@!@ENDMSG 2221 @!@!@
@!@!@STARTMSG 2221:0 @!@!@
  line 204, col 24 to line 204, col 58 of module MapReduce2: 1378
@!@!@ENDMSG 2221 @!@!@
@!@!@STARTMSG 2221:0 @!@!@
  line 205, col 24 to line 205, col 65 of module MapReduce2: 1378
@!@!@ENDMSG 2221 @!@!@
@!@!@STARTMSG 2221:0 @!@!@
  line 206, col 24 to line 207, col 50 of module MapReduce2: 1378
@!@!@ENDMSG 2221 @!@!@
@!@!@STARTMSG 2772:0 @!@!@
<RegularWorker line 211, col 1 to line 211, col 19 of module MapReduce2>: 1803:2772
@!@!@ENDMSG 2772 @!@!@
@!@!@STARTMSG 2221:0 @!@!@
  line 211, col 27 to line 211, col 52 of module MapReduce2: 19305
@!@!@ENDMSG 2221 @!@!@
@!@!@STARTMSG 2221:0 @!@!@
  |line 211, col 27 to line 211, col 34 of module MapReduce2: 16533
@!@!@ENDMSG 2221 @!@!@
@!@!@STARTMSG 2221:0 @!@!@
  line 212, col 27 to line 216, col 75 of module MapReduce2: 2772
@!@!@ENDMSG 2221 @!@!@
@!@!@STARTMSG 2221:0 @!@!@
  line 217, col 27 to line 217, col 61 of module MapReduce2: 2772
@!@!@ENDMSG 2221 @!@!@
@!@!@STARTMSG 2221:0 @!@!@
  line 218, col 27 to line 218, col 61 of module MapReduce2: 2772
@!@!@ENDMSG 2221 @!@!@
@!@!@STARTMSG 2221:0 @!@!@
  line 219, col 27 to line 219, col 68 of module MapReduce2: 2772
@!@!@ENDMSG 2221 @!@!@
@!@!@STARTMSG 2221:0 @!@!@
  line 220, col 27 to line 221, col 53 of module MapReduce2: 2772
@!@!@ENDMSG 2221 @!@!@
@!@!@STARTMSG 2772:0 @!@!@
<Terminating line 226, col 1 to line 226, col 11 of module MapReduce2>: 0:0
@!@!@ENDMSG 2772 @!@!@
@!@!@STARTMSG 2221:0 @!@!@
  line 226, col 19 to line 226, col 56 of module MapReduce2: 16533
@!@!@ENDMSG 2221 @!@!@
@!@!@STARTMSG 2221:0 @!@!@
  line 227, col 19 to line 227, col 32 of module MapReduce2: 0
@!@!@ENDMSG 2221 @!@!@
@!@!@STARTMSG 2202:0 @!@!@
End of statistics.
@!@!@ENDMSG 2202 @!@!@
@!@!@STARTMSG 2200:0 @!@!@
Progress(18) at 2022-11-20 23:14:07: 34,575 states generated (475,475 s/min), 17,668 distinct states found (242,970 ds/min), 1,129 states left on queue.
@!@!@ENDMSG 2200 @!@!@
@!@!@STARTMSG 2199:0 @!@!@
34575 states generated, 17668 distinct states found, 1129 states left on queue.
@!@!@ENDMSG 2199 @!@!@
@!@!@STARTMSG 2186:0 @!@!@
Finished in 4369ms at (2022-11-20 23:14:07)
@!@!@ENDMSG 2186 @!@!@
