@!@!@STARTMSG 2262:0 @!@!@
TLC2 Version 2.16 of 31 December 2020 (rev: cdddf55)
@!@!@ENDMSG 2262 @!@!@
@!@!@STARTMSG 2187:0 @!@!@
Running breadth-first search Model-Checking with fp 50 and seed 3673065482220455835 with 6 workers on 12 cores with 1214MB heap and 2730MB offheap memory [pid: 4158] (Mac OS X 10.14.3 x86_64, AdoptOpenJDK 14.0.1 x86_64, OffHeapDiskFPSet, DiskStateQueue).
@!@!@ENDMSG 2187 @!@!@
@!@!@STARTMSG 2220:0 @!@!@
Starting SANY...
@!@!@ENDMSG 2220 @!@!@
Parsing file /Users/wengjialin/learn-space/tla+/DistributedLockWithFencing.toolbox/Model_1/MC.tla
Parsing file /Users/wengjialin/learn-space/tla+/DistributedLockWithFencing.toolbox/Model_1/DistributedLockWithFencing.tla
Parsing file /Applications/TLA+ Toolbox.app/Contents/Eclipse/plugins/org.lamport.tlatools_1.0.0.202012311918/tla2sany/StandardModules/TLC.tla
Parsing file /Applications/TLA+ Toolbox.app/Contents/Eclipse/plugins/org.lamport.tlatools_1.0.0.202012311918/tla2sany/StandardModules/FiniteSets.tla
Parsing file /Applications/TLA+ Toolbox.app/Contents/Eclipse/plugins/org.lamport.tlatools_1.0.0.202012311918/tla2sany/StandardModules/Integers.tla
Parsing file /Applications/TLA+ Toolbox.app/Contents/Eclipse/plugins/org.lamport.tlatools_1.0.0.202012311918/tla2sany/StandardModules/Naturals.tla
Parsing file /Applications/TLA+ Toolbox.app/Contents/Eclipse/plugins/org.lamport.tlatools_1.0.0.202012311918/tla2sany/StandardModules/Sequences.tla
Semantic processing of module Naturals
Semantic processing of module Sequences
Semantic processing of module FiniteSets
Semantic processing of module Integers
Semantic processing of module DistributedLockWithFencing
Semantic processing of module TLC
Semantic processing of module MC
@!@!@STARTMSG 2219:0 @!@!@
SANY finished.
@!@!@ENDMSG 2219 @!@!@
@!@!@STARTMSG 2185:0 @!@!@
Starting... (2022-08-01 23:22:07)
@!@!@ENDMSG 2185 @!@!@
@!@!@STARTMSG 2189:0 @!@!@
Computing initial states...
@!@!@ENDMSG 2189 @!@!@
@!@!@STARTMSG 2190:0 @!@!@
Finished computing initial states: 1 distinct state generated at 2022-08-01 23:22:08.
@!@!@ENDMSG 2190 @!@!@
@!@!@STARTMSG 2111:1 @!@!@
Evaluating invariant TypeOK failed.
The evaluation of predicate line 26, col 42 to line 26, col 42 of module DistributedLockWithFencing yielded non-Boolean value.
@!@!@ENDMSG 2111 @!@!@
@!@!@STARTMSG 2121:1 @!@!@
The behavior up to this point is:
@!@!@ENDMSG 2121 @!@!@
@!@!@STARTMSG 2217:4 @!@!@
1: <Initial predicate>
/\ lockLeaseState = "unlock"
/\ lockClientRef = "noClient"
/\ usedTokens = {}
/\ clientFencingToken = [c1 |-> 0, c2 |-> 0]
/\ clientHeldLockState = [c1 |-> "notHeldLock", c2 |-> "notHeldLock"]
/\ storageLastToken = 0
/\ storageState = "notwrite"
/\ lockLastToken = 0
/\ clientState = [c1 |-> "init", c2 |-> "init"]

@!@!@ENDMSG 2217 @!@!@
@!@!@STARTMSG 2217:4 @!@!@
2: <ClientLocking line 49, col 5 to line 62, col 162 of module DistributedLockWithFencing>
/\ lockLeaseState = "locked"
/\ lockClientRef = "c1"
/\ usedTokens = {}
/\ clientFencingToken = [c1 |-> 1, c2 |-> 0]
/\ clientHeldLockState = [c1 |-> "heldLock", c2 |-> "notHeldLock"]
/\ storageLastToken = 0
/\ storageState = "notwrite"
/\ lockLastToken = 1
/\ clientState = [c1 |-> "successAcquireLock", c2 |-> "init"]

@!@!@ENDMSG 2217 @!@!@
@!@!@STARTMSG 2217:4 @!@!@
3: <ClientPrepareWritingData line 69, col 5 to line 71, col 150 of module DistributedLockWithFencing>
/\ lockLeaseState = "locked"
/\ lockClientRef = "c1"
/\ usedTokens = {}
/\ clientFencingToken = [c1 |-> 1, c2 |-> 0]
/\ clientHeldLockState = [c1 |-> "heldLock", c2 |-> "notHeldLock"]
/\ storageLastToken = 0
/\ storageState = "notwrite"
/\ lockLastToken = 1
/\ clientState = [c1 |-> "PrepareWritingData", c2 |-> "init"]

@!@!@ENDMSG 2217 @!@!@
@!@!@STARTMSG 2217:4 @!@!@
4: <ClientWritingData line 78, col 5 to line 89, col 162 of module DistributedLockWithFencing>
/\ lockLeaseState = "locked"
/\ lockClientRef = "c1"
/\ usedTokens = {1}
/\ clientFencingToken = [c1 |-> 1, c2 |-> 0]
/\ clientHeldLockState = [c1 |-> "heldLock", c2 |-> "notHeldLock"]
/\ storageLastToken = 1
/\ storageState = "writing"
/\ lockLastToken = 1
/\ clientState = [c1 |-> "WritingData", c2 |-> "init"]

@!@!@ENDMSG 2217 @!@!@
@!@!@STARTMSG 2201:0 @!@!@
The coverage statistics at 2022-08-01 23:22:08
@!@!@ENDMSG 2201 @!@!@
@!@!@STARTMSG 2773:0 @!@!@
<Init line 28, col 1 to line 28, col 4 of module DistributedLockWithFencing>: 2:2
@!@!@ENDMSG 2773 @!@!@
@!@!@STARTMSG 2221:0 @!@!@
  line 33, col 5 to line 41, col 22 of module DistributedLockWithFencing: 2
@!@!@ENDMSG 2221 @!@!@
@!@!@STARTMSG 2772:0 @!@!@
<ClientLocking line 45, col 1 to line 45, col 16 of module DistributedLockWithFencing>: 6:10
@!@!@ENDMSG 2772 @!@!@
@!@!@STARTMSG 2221:0 @!@!@
  line 49, col 8 to line 49, col 30 of module DistributedLockWithFencing: 47
@!@!@ENDMSG 2221 @!@!@
@!@!@STARTMSG 2221:0 @!@!@
  |line 49, col 8 to line 49, col 21 of module DistributedLockWithFencing: 37
@!@!@ENDMSG 2221 @!@!@
@!@!@STARTMSG 2221:0 @!@!@
  line 50, col 11 to line 50, col 35 of module DistributedLockWithFencing: 10
@!@!@ENDMSG 2221 @!@!@
@!@!@STARTMSG 2221:0 @!@!@
  line 52, col 21 to line 52, col 46 of module DistributedLockWithFencing: 6
@!@!@ENDMSG 2221 @!@!@
@!@!@STARTMSG 2221:0 @!@!@
  line 53, col 21 to line 53, col 84 of module DistributedLockWithFencing: 6
@!@!@ENDMSG 2221 @!@!@
@!@!@STARTMSG 2221:0 @!@!@
  line 54, col 21 to line 54, col 90 of module DistributedLockWithFencing: 6
@!@!@ENDMSG 2221 @!@!@
@!@!@STARTMSG 2221:0 @!@!@
  line 55, col 21 to line 55, col 54 of module DistributedLockWithFencing: 6
@!@!@ENDMSG 2221 @!@!@
@!@!@STARTMSG 2221:0 @!@!@
  line 56, col 21 to line 56, col 95 of module DistributedLockWithFencing: 6
@!@!@ENDMSG 2221 @!@!@
@!@!@STARTMSG 2221:0 @!@!@
  line 57, col 21 to line 57, col 38 of module DistributedLockWithFencing: 6
@!@!@ENDMSG 2221 @!@!@
@!@!@STARTMSG 2221:0 @!@!@
  line 58, col 21 to line 58, col 76 of module DistributedLockWithFencing: 6
@!@!@ENDMSG 2221 @!@!@
@!@!@STARTMSG 2221:0 @!@!@
  line 61, col 20 to line 61, col 80 of module DistributedLockWithFencing: 4
@!@!@ENDMSG 2221 @!@!@
@!@!@STARTMSG 2221:0 @!@!@
  line 62, col 20 to line 62, col 162 of module DistributedLockWithFencing: 4
@!@!@ENDMSG 2221 @!@!@
@!@!@STARTMSG 2772:0 @!@!@
<ClientPrepareWritingData line 65, col 1 to line 65, col 27 of module DistributedLockWithFencing>: 14:15
@!@!@ENDMSG 2772 @!@!@
@!@!@STARTMSG 2221:0 @!@!@
  line 69, col 8 to line 69, col 44 of module DistributedLockWithFencing: 51
@!@!@ENDMSG 2221 @!@!@
@!@!@STARTMSG 2221:0 @!@!@
  |line 69, col 8 to line 69, col 21 of module DistributedLockWithFencing: 36
@!@!@ENDMSG 2221 @!@!@
@!@!@STARTMSG 2221:0 @!@!@
  line 70, col 8 to line 70, col 70 of module DistributedLockWithFencing: 15
@!@!@ENDMSG 2221 @!@!@
@!@!@STARTMSG 2221:0 @!@!@
  line 71, col 8 to line 71, col 150 of module DistributedLockWithFencing: 15
@!@!@ENDMSG 2221 @!@!@
@!@!@STARTMSG 2772:0 @!@!@
<ClientWritingData line 74, col 1 to line 74, col 20 of module DistributedLockWithFencing>: 6:8
@!@!@ENDMSG 2772 @!@!@
@!@!@STARTMSG 2221:0 @!@!@
  line 78, col 8 to line 78, col 44 of module DistributedLockWithFencing: 37
@!@!@ENDMSG 2221 @!@!@
@!@!@STARTMSG 2221:0 @!@!@
  |line 78, col 8 to line 78, col 21 of module DistributedLockWithFencing: 35
@!@!@ENDMSG 2221 @!@!@
@!@!@STARTMSG 2221:0 @!@!@
  line 79, col 8 to line 79, col 32 of module DistributedLockWithFencing: 10
@!@!@ENDMSG 2221 @!@!@
@!@!@STARTMSG 2221:0 @!@!@
  |line 79, col 8 to line 79, col 19 of module DistributedLockWithFencing: 8
@!@!@ENDMSG 2221 @!@!@
@!@!@STARTMSG 2221:0 @!@!@
  line 80, col 11 to line 80, col 50 of module DistributedLockWithFencing: 8
@!@!@ENDMSG 2221 @!@!@
@!@!@STARTMSG 2221:0 @!@!@
  line 82, col 20 to line 82, col 60 of module DistributedLockWithFencing: 2
@!@!@ENDMSG 2221 @!@!@
@!@!@STARTMSG 2221:0 @!@!@
  |line 82, col 40 to line 82, col 60 of module DistributedLockWithFencing: 8
@!@!@ENDMSG 2221 @!@!@
@!@!@STARTMSG 2221:0 @!@!@
  line 83, col 20 to line 83, col 75 of module DistributedLockWithFencing: 2
@!@!@ENDMSG 2221 @!@!@
@!@!@STARTMSG 2221:0 @!@!@
  |line 83, col 35 to line 83, col 75 of module DistributedLockWithFencing: 8
@!@!@ENDMSG 2221 @!@!@
@!@!@STARTMSG 2221:0 @!@!@
  line 84, col 20 to line 84, col 44 of module DistributedLockWithFencing: 2
@!@!@ENDMSG 2221 @!@!@
@!@!@STARTMSG 2221:0 @!@!@
  line 85, col 20 to line 85, col 76 of module DistributedLockWithFencing: 2
@!@!@ENDMSG 2221 @!@!@
@!@!@STARTMSG 2221:0 @!@!@
  |line 85, col 34 to line 85, col 76 of module DistributedLockWithFencing: 8
@!@!@ENDMSG 2221 @!@!@
@!@!@STARTMSG 2221:0 @!@!@
  line 86, col 20 to line 86, col 118 of module DistributedLockWithFencing: 2
@!@!@ENDMSG 2221 @!@!@
@!@!@STARTMSG 2221:0 @!@!@
  line 88, col 20 to line 88, col 77 of module DistributedLockWithFencing: 0
@!@!@ENDMSG 2221 @!@!@
@!@!@STARTMSG 2221:0 @!@!@
  line 89, col 20 to line 89, col 162 of module DistributedLockWithFencing: 0
@!@!@ENDMSG 2221 @!@!@
@!@!@STARTMSG 2772:0 @!@!@
<ClientWroteData line 92, col 1 to line 92, col 18 of module DistributedLockWithFencing>: 0:0
@!@!@ENDMSG 2772 @!@!@
@!@!@STARTMSG 2221:0 @!@!@
  line 93, col 8 to line 93, col 37 of module DistributedLockWithFencing: 28
@!@!@ENDMSG 2221 @!@!@
@!@!@STARTMSG 2221:0 @!@!@
  line 94, col 8 to line 94, col 65 of module DistributedLockWithFencing: 0
@!@!@ENDMSG 2221 @!@!@
@!@!@STARTMSG 2221:0 @!@!@
  line 95, col 8 to line 95, col 33 of module DistributedLockWithFencing: 0
@!@!@ENDMSG 2221 @!@!@
@!@!@STARTMSG 2221:0 @!@!@
  line 96, col 8 to line 96, col 136 of module DistributedLockWithFencing: 0
@!@!@ENDMSG 2221 @!@!@
@!@!@STARTMSG 2772:0 @!@!@
<ClientReleaseLock line 99, col 1 to line 99, col 20 of module DistributedLockWithFencing>: 0:0
@!@!@ENDMSG 2772 @!@!@
@!@!@STARTMSG 2221:0 @!@!@
  line 100, col 8 to line 100, col 39 of module DistributedLockWithFencing: 28
@!@!@ENDMSG 2221 @!@!@
@!@!@STARTMSG 2221:0 @!@!@
  line 101, col 8 to line 101, col 64 of module DistributedLockWithFencing: 0
@!@!@ENDMSG 2221 @!@!@
@!@!@STARTMSG 2221:0 @!@!@
  line 102, col 8 to line 102, col 80 of module DistributedLockWithFencing: 0
@!@!@ENDMSG 2221 @!@!@
@!@!@STARTMSG 2221:0 @!@!@
  line 103, col 8 to line 103, col 33 of module DistributedLockWithFencing: 0
@!@!@ENDMSG 2221 @!@!@
@!@!@STARTMSG 2221:0 @!@!@
  line 104, col 8 to line 104, col 34 of module DistributedLockWithFencing: 0
@!@!@ENDMSG 2221 @!@!@
@!@!@STARTMSG 2221:0 @!@!@
  line 105, col 8 to line 105, col 98 of module DistributedLockWithFencing: 0
@!@!@ENDMSG 2221 @!@!@
@!@!@STARTMSG 2772:0 @!@!@
<LockExpire line 108, col 1 to line 108, col 10 of module DistributedLockWithFencing>: 6:13
@!@!@ENDMSG 2772 @!@!@
@!@!@STARTMSG 2221:0 @!@!@
  line 112, col 8 to line 112, col 32 of module DistributedLockWithFencing: 35
@!@!@ENDMSG 2221 @!@!@
@!@!@STARTMSG 2221:0 @!@!@
  |line 112, col 8 to line 112, col 21 of module DistributedLockWithFencing: 22
@!@!@ENDMSG 2221 @!@!@
@!@!@STARTMSG 2221:0 @!@!@
  line 113, col 8 to line 113, col 33 of module DistributedLockWithFencing: 13
@!@!@ENDMSG 2221 @!@!@
@!@!@STARTMSG 2221:0 @!@!@
  line 114, col 8 to line 114, col 34 of module DistributedLockWithFencing: 13
@!@!@ENDMSG 2221 @!@!@
@!@!@STARTMSG 2221:0 @!@!@
  line 115, col 8 to line 115, col 132 of module DistributedLockWithFencing: 13
@!@!@ENDMSG 2221 @!@!@
@!@!@STARTMSG 2774:0 @!@!@
<Action line 11, col 4 to line 11, col 9 of module MC>
@!@!@ENDMSG 2774 @!@!@
@!@!@STARTMSG 2221:0 @!@!@
  line 11, col 4 to line 11, col 9 of module MC: 33
@!@!@ENDMSG 2221 @!@!@
@!@!@STARTMSG 2202:0 @!@!@
End of statistics.
@!@!@ENDMSG 2202 @!@!@
@!@!@STARTMSG 2200:0 @!@!@
Progress(6) at 2022-08-01 23:22:08: 39 states generated (1,839 s/min), 33 distinct states found (1,556 ds/min), 9 states left on queue.
@!@!@ENDMSG 2200 @!@!@
@!@!@STARTMSG 2199:0 @!@!@
39 states generated, 33 distinct states found, 9 states left on queue.
@!@!@ENDMSG 2199 @!@!@
@!@!@STARTMSG 2194:0 @!@!@
The depth of the complete state graph search is 6.
@!@!@ENDMSG 2194 @!@!@
@!@!@STARTMSG 2268:0 @!@!@
The average outdegree of the complete state graph is 2 (minimum is 1, the maximum 3 and the 95th percentile is 3).
@!@!@ENDMSG 2268 @!@!@
@!@!@STARTMSG 2186:0 @!@!@
Finished in 1279ms at (2022-08-01 23:22:08)
@!@!@ENDMSG 2186 @!@!@
